Log file open, 05/03/20 00:35:46
LogWindows: Failed to load 'aqProf.dll' (GetLastError=126)
LogWindows: File 'aqProf.dll' does not exist
LogWindows: Failed to load 'VtuneApi.dll' (GetLastError=126)
LogWindows: File 'VtuneApi.dll' does not exist
LogWindows: Failed to load 'VtuneApi32e.dll' (GetLastError=126)
LogWindows: File 'VtuneApi32e.dll' does not exist
LogConsoleResponse: Display: Failed to find resolution value strings in scalability ini. Falling back to default.
LogInit: Display: Running engine for game: LDF
LogPlatformFile: Not using cached read wrapper
LogTaskGraph: Started task graph with 5 named threads and 23 total threads with 3 sets of task threads.
LogStats: Stats thread started at 0.221276
LogD3D11RHI: Loaded GFSDK_Aftermath_Lib.x64.dll
LogICUInternationalization: ICU TimeZone Detection - Raw Offset: -5:00, Platform Override: ''
LogPluginManager: Mounting plugin Paper2D
LogPluginManager: Mounting plugin AISupport
LogPluginManager: Mounting plugin LightPropagationVolume
LogPluginManager: Mounting plugin ActorLayerUtilities
LogPluginManager: Mounting plugin AnimationSharing
LogPluginManager: Mounting plugin CLionSourceCodeAccess
LogPluginManager: Mounting plugin CodeLiteSourceCodeAccess
LogPluginManager: Mounting plugin GitSourceControl
LogPluginManager: Mounting plugin KDevelopSourceCodeAccess
LogPluginManager: Mounting plugin NullSourceCodeAccess
LogPluginManager: Mounting plugin PerforceSourceControl
LogPluginManager: Mounting plugin PlasticSourceControl
LogPluginManager: Mounting plugin SubversionSourceControl
LogPluginManager: Mounting plugin UObjectPlugin
LogPluginManager: Mounting plugin VisualStudioCodeSourceCodeAccess
LogPluginManager: Mounting plugin VisualStudioSourceCodeAccess
LogPluginManager: Mounting plugin XCodeSourceCodeAccess
LogPluginManager: Mounting plugin AssetManagerEditor
LogPluginManager: Mounting plugin CryptoKeys
LogPluginManager: Mounting plugin CurveEditorTools
LogPluginManager: Mounting plugin DataValidation
LogPluginManager: Mounting plugin FacialAnimation
LogPluginManager: Mounting plugin GameplayTagsEditor
LogPluginManager: Mounting plugin MacGraphicsSwitching
LogPluginManager: Mounting plugin MaterialAnalyzer
LogPluginManager: Mounting plugin MobileLauncherProfileWizard
LogPluginManager: Mounting plugin PluginBrowser
LogPluginManager: Mounting plugin SpeedTreeImporter
LogPluginManager: Mounting plugin DatasmithContent
LogPluginManager: Mounting plugin VariantManagerContent
LogPluginManager: Mounting plugin AlembicImporter
LogPluginManager: Mounting plugin AutomationUtils
LogPluginManager: Mounting plugin BackChannel
LogPluginManager: Mounting plugin CharacterAI
LogPluginManager: Mounting plugin GeometryCache
LogPluginManager: Mounting plugin PlatformCrypto
LogPluginManager: Mounting plugin ProxyLODPlugin
LogPluginManager: Mounting plugin SkeletalReduction
LogPluginManager: Mounting plugin MagicLeap
LogPluginManager: Mounting plugin MagicLeapMedia
LogPluginManager: Mounting plugin MLSDK
LogPluginManager: Mounting plugin AndroidMedia
LogPluginManager: Mounting plugin AvfMedia
LogPluginManager: Mounting plugin ImgMedia
LogPluginManager: Mounting plugin MediaCompositing
LogPluginManager: Mounting plugin MediaPlayerEditor
LogPluginManager: Mounting plugin WebMMedia
LogPluginManager: Mounting plugin WmfMedia
LogPluginManager: Mounting plugin TcpMessaging
LogPluginManager: Mounting plugin UdpMessaging
LogPluginManager: Mounting plugin ActorSequence
LogPluginManager: Mounting plugin LevelSequenceEditor
LogPluginManager: Mounting plugin MatineeToLevelSequence
LogPluginManager: Mounting plugin NetcodeUnitTest
LogPluginManager: Mounting plugin NUTUnrealEngine4
LogPluginManager: Mounting plugin OnlineSubsystemGooglePlay
LogPluginManager: Mounting plugin OnlineSubsystemIOS
LogPluginManager: Mounting plugin OnlineSubsystem
LogPluginManager: Mounting plugin OnlineSubsystemNull
LogPluginManager: Mounting plugin OnlineSubsystemUtils
LogPluginManager: Mounting plugin LauncherChunkInstaller
LogPluginManager: Mounting plugin AndroidDeviceProfileSelector
LogPluginManager: Mounting plugin AndroidMoviePlayer
LogPluginManager: Mounting plugin AndroidPermission
LogPluginManager: Mounting plugin AppleImageUtils
LogPluginManager: Mounting plugin AppleMoviePlayer
LogPluginManager: Mounting plugin ArchVisCharacter
LogPluginManager: Mounting plugin AssetTags
LogPluginManager: Mounting plugin AudioCapture
LogPluginManager: Mounting plugin CableComponent
LogPluginManager: Mounting plugin CustomMeshComponent
LogPluginManager: Mounting plugin EditableMesh
LogPluginManager: Mounting plugin ExampleDeviceProfileSelector
LogPluginManager: Mounting plugin GoogleCloudMessaging
LogPluginManager: Mounting plugin IOSDeviceProfileSelector
LogPluginManager: Mounting plugin LinuxDeviceProfileSelector
LogPluginManager: Mounting plugin LocationServicesBPLibrary
LogPluginManager: Mounting plugin MobilePatchingUtils
LogPluginManager: Mounting plugin OculusVR
LogPluginManager: Mounting plugin PhysXVehicles
LogPluginManager: Mounting plugin PostSplashScreen
LogPluginManager: Mounting plugin ProceduralMeshComponent
LogPluginManager: Mounting plugin RuntimePhysXCooking
LogPluginManager: Mounting plugin SignificanceManager
LogPluginManager: Mounting plugin SteamVR
LogPluginManager: Mounting plugin WebMMoviePlayer
LogPluginManager: Mounting plugin WindowsMoviePlayer
LogPluginManager: Mounting plugin ScreenshotTools
LogInit: Using libcurl 7.55.1-DEV
LogInit:  - built for x86_64-pc-win32
LogInit:  - supports SSL with OpenSSL/1.1.1
LogInit:  - supports HTTP deflate (compression) using libz 1.2.8
LogInit:  - other features:
LogInit:      CURL_VERSION_SSL
LogInit:      CURL_VERSION_LIBZ
LogInit:      CURL_VERSION_IPV6
LogInit:      CURL_VERSION_ASYNCHDNS
LogInit:      CURL_VERSION_LARGEFILE
LogInit:      CURL_VERSION_IDN
LogInit:  CurlRequestOptions (configurable via config and command line):
LogInit:  - bVerifyPeer = true  - Libcurl will verify peer certificate
LogInit:  - bUseHttpProxy = false  - Libcurl will NOT use HTTP proxy
LogInit:  - bDontReuseConnections = false  - Libcurl will reuse connections
LogInit:  - MaxHostConnections = 16  - Libcurl will limit the number of connections to a host
LogInit:  - LocalHostAddr = Default
LogInit:  - BufferSize = 65536
LogOnline: OSS: Creating online subsystem instance for: NULL
LogInit: WinSock: version 1.1 (2.2), MaxSocks=32767, MaxUdp=65467
LogOnline: OSS: TryLoadSubsystemAndSetDefault: Loaded subsystem for module [NULL]
LogInit: Build: ++UE4+Release-4.24-CL-10757647
LogInit: Engine Version: 4.24.1-10757647+++UE4+Release-4.24
LogInit: Compatible Engine Version: 4.24.0-10570792+++UE4+Release-4.24
LogInit: Net CL: 10570792
LogInit: OS: Windows 10 (Release 1903) (), CPU: Intel(R) Core(TM) i7-6700HQ CPU @ 2.60GHz, GPU: Intel(R) HD Graphics 530
LogInit: Compiled (64-bit): Dec 17 2019 02:08:03
LogInit: Compiled with Visual C++: 19.16.27032.01
LogInit: Build Configuration: Development
LogInit: Branch Name: ++UE4+Release-4.24
LogInit: Command Line: 
LogInit: Base Directory: E:/Epic Game/UE_4.24/Engine/Binaries/Win64/
LogInit: Installed Engine Build: 1
LogDevObjectVersion: Number of dev versions registered: 25
LogDevObjectVersion:   Dev-Blueprints (B0D832E4-1F89-4F0D-ACCF-7EB736FD4AA2): 10
LogDevObjectVersion:   Dev-Build (E1C64328-A22C-4D53-A36C-8E866417BD8C): 0
LogDevObjectVersion:   Dev-Core (375EC13C-06E4-48FB-B500-84F0262A717E): 3
LogDevObjectVersion:   Dev-Editor (E4B068ED-F494-42E9-A231-DA0B2E46BB41): 37
LogDevObjectVersion:   Dev-Framework (CFFC743F-43B0-4480-9391-14DF171D2073): 36
LogDevObjectVersion:   Dev-Mobile (B02B49B5-BB20-44E9-A304-32B752E40360): 2
LogDevObjectVersion:   Dev-Networking (A4E4105C-59A1-49B5-A7C5-40C4547EDFEE): 0
LogDevObjectVersion:   Dev-Online (39C831C9-5AE6-47DC-9A44-9C173E1C8E7C): 0
LogDevObjectVersion:   Dev-Physics (78F01B33-EBEA-4F98-B9B4-84EACCB95AA2): 2
LogDevObjectVersion:   Dev-Platform (6631380F-2D4D-43E0-8009-CF276956A95A): 0
LogDevObjectVersion:   Dev-Rendering (12F88B9F-8875-4AFC-A67C-D90C383ABD29): 36
LogDevObjectVersion:   Dev-Sequencer (7B5AE74C-D270-4C10-A958-57980B212A5A): 11
LogDevObjectVersion:   Dev-VR (D7296918-1DD6-4BDD-9DE2-64A83CC13884): 2
LogDevObjectVersion:   Dev-LoadTimes (C2A15278-BFE7-4AFE-6C17-90FF531DF755): 1
LogDevObjectVersion:   Private-Geometry (6EACA3D4-40EC-4CC1-B786-8BED09428FC5): 3
LogDevObjectVersion:   Dev-AnimPhys (29E575DD-E0A3-4627-9D10-D276232CDCEA): 17
LogDevObjectVersion:   Dev-Anim (AF43A65D-7FD3-4947-9873-3E8ED9C1BB05): 2
LogDevObjectVersion:   Dev-ReflectionCapture (6B266CEC-1EC7-4B8F-A30B-E4D90942FC07): 1
LogDevObjectVersion:   Dev-Automation (0DF73D61-A23F-47EA-B727-89E90C41499A): 1
LogDevObjectVersion:   FortniteMain (601D1886-AC64-4F84-AA16-D3DE0DEAC7D6): 31
LogDevObjectVersion:   Dev-Enterprise (9DFFBCD6-494F-0158-E221-12823C92A888): 8
LogDevObjectVersion:   Dev-Niagara (F2AED0AC-9AFE-416F-8664-AA7FFA26D6FC): 1
LogDevObjectVersion:   Dev-Destruction (174F1F0B-B4C6-45A5-B13F-2EE8D0FB917D): 9
LogDevObjectVersion:   Dev-Physics-Ext (35F94A83-E258-406C-A318-09F59610247C): 8
LogDevObjectVersion:   Dev-CineCamera (B2E18506-4273-CFC2-A54E-F4BB758BBA07): 1
LogInit: Presizing for max 25165824 objects, including 0 objects not considered by GC, pre-allocating 0 bytes for permanent pool.
LogInit: Object subsystem initialized
LogConfig: Setting CVar [[con.DebugEarlyDefault:1]]
LogConfig: Setting CVar [[r.setres:1280x720]]
[2020.05.03-04.35.46:597][  0]LogConfig: Setting CVar [[r.VSync:0]]
[2020.05.03-04.35.46:597][  0]LogConfig: Setting CVar [[r.RHICmdBypass:0]]
[2020.05.03-04.35.46:597][  0]LogConfig: Applying CVar settings from Section [/Script/Engine.RendererSettings] File [I:/Unreal Project/Level-Design-Final/LDFinal/Saved/Config/Windows/Engine.ini]
[2020.05.03-04.35.46:597][  0]LogConfig: Setting CVar [[r.GPUCrashDebugging:0]]
[2020.05.03-04.35.46:597][  0]LogConfig: Setting CVar [[r.CustomDepth:3]]
[2020.05.03-04.35.46:597][  0]LogConfig: Setting CVar [[r.DefaultFeature.AutoExposure:0]]
[2020.05.03-04.35.46:597][  0]LogConfig: Applying CVar settings from Section [/Script/Engine.RendererOverrideSettings] File [I:/Unreal Project/Level-Design-Final/LDFinal/Saved/Config/Windows/Engine.ini]
[2020.05.03-04.35.46:597][  0]LogConfig: Applying CVar settings from Section [/Script/Engine.StreamingSettings] File [I:/Unreal Project/Level-Design-Final/LDFinal/Saved/Config/Windows/Engine.ini]
[2020.05.03-04.35.46:597][  0]LogConfig: Setting CVar [[s.MinBulkDataSizeForAsyncLoading:131072]]
[2020.05.03-04.35.46:597][  0]LogConfig: Setting CVar [[s.AsyncLoadingThreadEnabled:0]]
[2020.05.03-04.35.46:597][  0]LogConfig: Setting CVar [[s.EventDrivenLoaderEnabled:1]]
[2020.05.03-04.35.46:597][  0]LogConfig: Setting CVar [[s.WarnIfTimeLimitExceeded:0]]
[2020.05.03-04.35.46:598][  0]LogConfig: Setting CVar [[s.TimeLimitExceededMultiplier:1.5]]
[2020.05.03-04.35.46:598][  0]LogConfig: Setting CVar [[s.TimeLimitExceededMinTime:0.005]]
[2020.05.03-04.35.46:598][  0]LogConfig: Setting CVar [[s.UseBackgroundLevelStreaming:1]]
[2020.05.03-04.35.46:598][  0]LogConfig: Setting CVar [[s.PriorityAsyncLoadingExtraTime:15.0]]
[2020.05.03-04.35.46:598][  0]LogConfig: Setting CVar [[s.LevelStreamingActorsUpdateTimeLimit:5.0]]
[2020.05.03-04.35.46:598][  0]LogConfig: Setting CVar [[s.PriorityLevelStreamingActorsUpdateExtraTime:5.0]]
[2020.05.03-04.35.46:598][  0]LogConfig: Setting CVar [[s.LevelStreamingComponentsRegistrationGranularity:10]]
[2020.05.03-04.35.46:598][  0]LogConfig: Setting CVar [[s.UnregisterComponentsTimeLimit:1.0]]
[2020.05.03-04.35.46:598][  0]LogConfig: Setting CVar [[s.LevelStreamingComponentsUnregistrationGranularity:5]]
[2020.05.03-04.35.46:598][  0]LogConfig: Setting CVar [[s.FlushStreamingOnExit:1]]
[2020.05.03-04.35.46:598][  0]LogConfig: Applying CVar settings from Section [/Script/Engine.GarbageCollectionSettings] File [I:/Unreal Project/Level-Design-Final/LDFinal/Saved/Config/Windows/Engine.ini]
[2020.05.03-04.35.46:598][  0]LogConfig: Setting CVar [[gc.MaxObjectsNotConsideredByGC:1]]
[2020.05.03-04.35.46:598][  0]LogConfig: Setting CVar [[gc.SizeOfPermanentObjectPool:0]]
[2020.05.03-04.35.46:598][  0]LogConfig: Setting CVar [[gc.FlushStreamingOnGC:0]]
[2020.05.03-04.35.46:598][  0]LogConfig: Setting CVar [[gc.NumRetriesBeforeForcingGC:10]]
[2020.05.03-04.35.46:598][  0]LogConfig: Setting CVar [[gc.AllowParallelGC:1]]
[2020.05.03-04.35.46:598][  0]LogConfig: Setting CVar [[gc.TimeBetweenPurgingPendingKillObjects:61.1]]
[2020.05.03-04.35.46:598][  0]LogConfig: Setting CVar [[gc.MaxObjectsInEditor:25165824]]
[2020.05.03-04.35.46:598][  0]LogConfig: Setting CVar [[gc.IncrementalBeginDestroyEnabled:1]]
[2020.05.03-04.35.46:598][  0]LogConfig: Setting CVar [[gc.CreateGCClusters:1]]
[2020.05.03-04.35.46:598][  0]LogConfig: Setting CVar [[gc.MinGCClusterSize:5]]
[2020.05.03-04.35.46:598][  0]LogConfig: Setting CVar [[gc.ActorClusteringEnabled:0]]
[2020.05.03-04.35.46:598][  0]LogConfig: Setting CVar [[gc.BlueprintClusteringEnabled:0]]
[2020.05.03-04.35.46:598][  0]LogConfig: Setting CVar [[gc.UseDisregardForGCOnDedicatedServers:0]]
[2020.05.03-04.35.46:599][  0]LogConfig: Applying CVar settings from Section [/Script/Engine.NetworkSettings] File [I:/Unreal Project/Level-Design-Final/LDFinal/Saved/Config/Windows/Engine.ini]
[2020.05.03-04.35.46:599][  0]LogConfig: Applying CVar settings from Section [/Script/UnrealEd.CookerSettings] File [I:/Unreal Project/Level-Design-Final/LDFinal/Saved/Config/Windows/Engine.ini]
[2020.05.03-04.35.46:605][  0]LogConfig: Applying CVar settings from Section [ViewDistanceQuality@3] File [I:/Unreal Project/Level-Design-Final/LDFinal/Saved/Config/Windows/Scalability.ini]
[2020.05.03-04.35.46:606][  0]LogConfig: Setting CVar [[r.SkeletalMeshLODBias:0]]
[2020.05.03-04.35.46:606][  0]LogConfig: Setting CVar [[r.ViewDistanceScale:1.0]]
[2020.05.03-04.35.46:606][  0]LogConfig: Applying CVar settings from Section [AntiAliasingQuality@3] File [I:/Unreal Project/Level-Design-Final/LDFinal/Saved/Config/Windows/Scalability.ini]
[2020.05.03-04.35.46:606][  0]LogConfig: Setting CVar [[r.PostProcessAAQuality:4]]
[2020.05.03-04.35.46:606][  0]LogConfig: Applying CVar settings from Section [ShadowQuality@3] File [I:/Unreal Project/Level-Design-Final/LDFinal/Saved/Config/Windows/Scalability.ini]
[2020.05.03-04.35.46:606][  0]LogConfig: Setting CVar [[r.LightFunctionQuality:1]]
[2020.05.03-04.35.46:606][  0]LogConfig: Setting CVar [[r.ShadowQuality:5]]
[2020.05.03-04.35.46:606][  0]LogConfig: Setting CVar [[r.Shadow.CSM.MaxCascades:10]]
[2020.05.03-04.35.46:606][  0]LogConfig: Setting CVar [[r.Shadow.MaxResolution:2048]]
[2020.05.03-04.35.46:606][  0]LogConfig: Setting CVar [[r.Shadow.MaxCSMResolution:2048]]
[2020.05.03-04.35.46:606][  0]LogConfig: Setting CVar [[r.Shadow.RadiusThreshold:0.01]]
[2020.05.03-04.35.46:606][  0]LogConfig: Setting CVar [[r.Shadow.DistanceScale:1.0]]
[2020.05.03-04.35.46:606][  0]LogConfig: Setting CVar [[r.Shadow.CSM.TransitionScale:1.0]]
[2020.05.03-04.35.46:606][  0]LogConfig: Setting CVar [[r.Shadow.PreShadowResolutionFactor:1.0]]
[2020.05.03-04.35.46:606][  0]LogConfig: Setting CVar [[r.DistanceFieldShadowing:1]]
[2020.05.03-04.35.46:606][  0]LogConfig: Setting CVar [[r.DistanceFieldAO:1]]
[2020.05.03-04.35.46:606][  0]LogConfig: Setting CVar [[r.AOQuality:2]]
[2020.05.03-04.35.46:606][  0]LogConfig: Setting CVar [[r.VolumetricFog:1]]
[2020.05.03-04.35.46:606][  0]LogConfig: Setting CVar [[r.VolumetricFog.GridPixelSize:8]]
[2020.05.03-04.35.46:606][  0]LogConfig: Setting CVar [[r.VolumetricFog.GridSizeZ:128]]
[2020.05.03-04.35.46:606][  0]LogConfig: Setting CVar [[r.VolumetricFog.HistoryMissSupersampleCount:4]]
[2020.05.03-04.35.46:606][  0]LogConfig: Setting CVar [[r.LightMaxDrawDistanceScale:1]]
[2020.05.03-04.35.46:606][  0]LogConfig: Setting CVar [[r.CapsuleShadows:1]]
[2020.05.03-04.35.46:606][  0]LogConfig: Applying CVar settings from Section [PostProcessQuality@3] File [I:/Unreal Project/Level-Design-Final/LDFinal/Saved/Config/Windows/Scalability.ini]
[2020.05.03-04.35.46:606][  0]LogConfig: Setting CVar [[r.MotionBlurQuality:4]]
[2020.05.03-04.35.46:606][  0]LogConfig: Setting CVar [[r.AmbientOcclusionMipLevelFactor:0.4]]
[2020.05.03-04.35.46:606][  0]LogConfig: Setting CVar [[r.AmbientOcclusionMaxQuality:100]]
[2020.05.03-04.35.46:606][  0]LogConfig: Setting CVar [[r.AmbientOcclusionLevels:-1]]
[2020.05.03-04.35.46:606][  0]LogConfig: Setting CVar [[r.AmbientOcclusionRadiusScale:1.0]]
[2020.05.03-04.35.46:606][  0]LogConfig: Setting CVar [[r.DepthOfFieldQuality:2]]
[2020.05.03-04.35.46:606][  0]LogConfig: Setting CVar [[r.RenderTargetPoolMin:400]]
[2020.05.03-04.35.46:606][  0]LogConfig: Setting CVar [[r.LensFlareQuality:2]]
[2020.05.03-04.35.46:606][  0]LogConfig: Setting CVar [[r.SceneColorFringeQuality:1]]
[2020.05.03-04.35.46:606][  0]LogConfig: Setting CVar [[r.EyeAdaptationQuality:2]]
[2020.05.03-04.35.46:606][  0]LogConfig: Setting CVar [[r.BloomQuality:5]]
[2020.05.03-04.35.46:606][  0]LogConfig: Setting CVar [[r.FastBlurThreshold:100]]
[2020.05.03-04.35.46:606][  0]LogConfig: Setting CVar [[r.Upscale.Quality:3]]
[2020.05.03-04.35.46:606][  0]LogConfig: Setting CVar [[r.Tonemapper.GrainQuantization:1]]
[2020.05.03-04.35.46:606][  0]LogConfig: Setting CVar [[r.LightShaftQuality:1]]
[2020.05.03-04.35.46:606][  0]LogConfig: Setting CVar [[r.Filter.SizeScale:1]]
[2020.05.03-04.35.46:607][  0]LogConfig: Setting CVar [[r.Tonemapper.Quality:5]]
[2020.05.03-04.35.46:607][  0]LogConfig: Setting CVar [[r.DOF.Gather.AccumulatorQuality:1        ; higher gathering accumulator quality]]
[2020.05.03-04.35.46:607][  0]LogConfig: Setting CVar [[r.DOF.Gather.PostfilterMethod:1          ; Median3x3 postfilering method]]
[2020.05.03-04.35.46:607][  0]LogConfig: Setting CVar [[r.DOF.Gather.EnableBokehSettings:0       ; no bokeh simulation when gathering]]
[2020.05.03-04.35.46:607][  0]LogConfig: Setting CVar [[r.DOF.Gather.RingCount:4                 ; medium number of samples when gathering]]
[2020.05.03-04.35.46:607][  0]LogConfig: Setting CVar [[r.DOF.Scatter.ForegroundCompositing:1    ; additive foreground scattering]]
[2020.05.03-04.35.46:607][  0]LogConfig: Setting CVar [[r.DOF.Scatter.BackgroundCompositing:2    ; additive background scattering]]
[2020.05.03-04.35.46:607][  0]LogConfig: Setting CVar [[r.DOF.Scatter.EnableBokehSettings:1      ; bokeh simulation when scattering]]
[2020.05.03-04.35.46:607][  0]LogConfig: Setting CVar [[r.DOF.Scatter.MaxSpriteRatio:0.1         ; only a maximum of 10% of scattered bokeh]]
[2020.05.03-04.35.46:607][  0]LogConfig: Setting CVar [[r.DOF.Recombine.Quality:1                ; cheap slight out of focus]]
[2020.05.03-04.35.46:607][  0]LogConfig: Setting CVar [[r.DOF.Recombine.EnableBokehSettings:0    ; no bokeh simulation on slight out of focus]]
[2020.05.03-04.35.46:607][  0]LogConfig: Setting CVar [[r.DOF.TemporalAAQuality:1                ; more stable temporal accumulation]]
[2020.05.03-04.35.46:607][  0]LogConfig: Setting CVar [[r.DOF.Kernel.MaxForegroundRadius:0.025]]
[2020.05.03-04.35.46:607][  0]LogConfig: Setting CVar [[r.DOF.Kernel.MaxBackgroundRadius:0.025]]
[2020.05.03-04.35.46:607][  0]LogConfig: Applying CVar settings from Section [TextureQuality@3] File [I:/Unreal Project/Level-Design-Final/LDFinal/Saved/Config/Windows/Scalability.ini]
[2020.05.03-04.35.46:607][  0]LogConfig: Setting CVar [[r.Streaming.MipBias:0]]
[2020.05.03-04.35.46:607][  0]LogConfig: Setting CVar [[r.Streaming.AmortizeCPUToGPUCopy:0]]
[2020.05.03-04.35.46:607][  0]LogConfig: Setting CVar [[r.Streaming.MaxNumTexturesToStreamPerFrame:0]]
[2020.05.03-04.35.46:607][  0]LogConfig: Setting CVar [[r.Streaming.Boost:1]]
[2020.05.03-04.35.46:607][  0]LogConfig: Setting CVar [[r.MaxAnisotropy:8]]
[2020.05.03-04.35.46:607][  0]LogConfig: Setting CVar [[r.VT.MaxAnisotropy:8]]
[2020.05.03-04.35.46:607][  0]LogConfig: Setting CVar [[r.Streaming.LimitPoolSizeToVRAM:0]]
[2020.05.03-04.35.46:607][  0]LogConfig: Setting CVar [[r.Streaming.PoolSize:1000]]
[2020.05.03-04.35.46:607][  0]LogConfig: Setting CVar [[r.Streaming.MaxEffectiveScreenSize:0]]
[2020.05.03-04.35.46:607][  0]LogConfig: Applying CVar settings from Section [EffectsQuality@3] File [I:/Unreal Project/Level-Design-Final/LDFinal/Saved/Config/Windows/Scalability.ini]
[2020.05.03-04.35.46:607][  0]LogConfig: Setting CVar [[r.TranslucencyLightingVolumeDim:64]]
[2020.05.03-04.35.46:607][  0]LogConfig: Setting CVar [[r.RefractionQuality:2]]
[2020.05.03-04.35.46:607][  0]LogConfig: Setting CVar [[r.SSR.Quality:3]]
[2020.05.03-04.35.46:607][  0]LogConfig: Setting CVar [[r.SSR.HalfResSceneColor:0]]
[2020.05.03-04.35.46:607][  0]LogConfig: Setting CVar [[r.SceneColorFormat:4]]
[2020.05.03-04.35.46:607][  0]LogConfig: Setting CVar [[r.DetailMode:2]]
[2020.05.03-04.35.46:607][  0]LogConfig: Setting CVar [[r.TranslucencyVolumeBlur:1]]
[2020.05.03-04.35.46:607][  0]LogConfig: Setting CVar [[r.MaterialQualityLevel:1 ; High quality]]
[2020.05.03-04.35.46:607][  0]LogConfig: Setting CVar [[r.SSS.Scale:1]]
[2020.05.03-04.35.46:607][  0]LogConfig: Setting CVar [[r.SSS.SampleSet:2]]
[2020.05.03-04.35.46:607][  0]LogConfig: Setting CVar [[r.SSS.Quality:1]]
[2020.05.03-04.35.46:607][  0]LogConfig: Setting CVar [[r.SSS.HalfRes:1]]
[2020.05.03-04.35.46:607][  0]LogConfig: Setting CVar [[r.SSGI.Quality:3]]
[2020.05.03-04.35.46:607][  0]LogConfig: Setting CVar [[r.EmitterSpawnRateScale:1.0]]
[2020.05.03-04.35.46:607][  0]LogConfig: Setting CVar [[r.ParticleLightQuality:2]]
[2020.05.03-04.35.46:607][  0]LogConfig: Setting CVar [[r.SkyAtmosphere.AerialPerspectiveLUT.FastApplyOnOpaque:1 ; Always have FastSkyLUT 1 in this case to avoid wrong sky]]
[2020.05.03-04.35.46:607][  0]LogConfig: Setting CVar [[r.SkyAtmosphere.AerialPerspectiveLUT.SampleCountPerSlice:1]]
[2020.05.03-04.35.46:608][  0]LogConfig: Setting CVar [[r.SkyAtmosphere.AerialPerspectiveLUT.DepthResolution:16.0]]
[2020.05.03-04.35.46:608][  0]LogConfig: Setting CVar [[r.SkyAtmosphere.FastSkyLUT:1]]
[2020.05.03-04.35.46:608][  0]LogConfig: Setting CVar [[r.SkyAtmosphere.FastSkyLUT.SampleCountMin:4.0]]
[2020.05.03-04.35.46:608][  0]LogConfig: Setting CVar [[r.SkyAtmosphere.FastSkyLUT.SampleCountMax:32.0]]
[2020.05.03-04.35.46:608][  0]LogConfig: Setting CVar [[r.SkyAtmosphere.SampleCountMin:4.0]]
[2020.05.03-04.35.46:608][  0]LogConfig: Setting CVar [[r.SkyAtmosphere.SampleCountMax:32.0]]
[2020.05.03-04.35.46:608][  0]LogConfig: Setting CVar [[r.SkyAtmosphere.TransmittanceLUT.UseSmallFormat:0]]
[2020.05.03-04.35.46:608][  0]LogConfig: Setting CVar [[r.SkyAtmosphere.TransmittanceLUT.SampleCount:10.0]]
[2020.05.03-04.35.46:608][  0]LogConfig: Setting CVar [[r.SkyAtmosphere.MultiScatteringLUT.SampleCount:15.0]]
[2020.05.03-04.35.46:608][  0]LogConfig: Applying CVar settings from Section [FoliageQuality@3] File [I:/Unreal Project/Level-Design-Final/LDFinal/Saved/Config/Windows/Scalability.ini]
[2020.05.03-04.35.46:608][  0]LogConfig: Setting CVar [[foliage.DensityScale:1.0]]
[2020.05.03-04.35.46:608][  0]LogConfig: Setting CVar [[grass.DensityScale:1.0]]
[2020.05.03-04.35.46:608][  0]LogConfig: Applying CVar settings from Section [ShadingQuality@3] File [I:/Unreal Project/Level-Design-Final/LDFinal/Saved/Config/Windows/Scalability.ini]
[2020.05.03-04.35.46:608][  0]LogConfig: Setting CVar [[r.HairStrands.SkyLighting.SampleCount:16]]
[2020.05.03-04.35.46:608][  0]LogConfig: Setting CVar [[r.HairStrands.SkyLighting.JitterIntegration:0]]
[2020.05.03-04.35.46:608][  0]LogConfig: Setting CVar [[r.HairStrands.SkyAO.SampleCount:16]]
[2020.05.03-04.35.46:608][  0]LogInit: Selected Device Profile: [Windows]
[2020.05.03-04.35.46:608][  0]LogInit: Applying CVar settings loaded from the selected device profile: [Windows]
[2020.05.03-04.35.46:612][  0]LogHAL: Display: Platform has ~ 16 GB [16985870336 / 17179869184 / 16], which maps to Larger [LargestMinGB=32, LargerMinGB=12, DefaultMinGB=8, SmallerMinGB=6, SmallestMinGB=0)
[2020.05.03-04.35.46:612][  0]LogInit: Going up to parent DeviceProfile []
[2020.05.03-04.35.46:612][  0]LogConfig: Applying CVar settings from Section [ViewDistanceQuality@3] File [I:/Unreal Project/Level-Design-Final/LDFinal/Saved/Config/Windows/Scalability.ini]
[2020.05.03-04.35.46:612][  0]LogConfig: Setting CVar [[r.SkeletalMeshLODBias:0]]
[2020.05.03-04.35.46:612][  0]LogConfig: Setting CVar [[r.ViewDistanceScale:1.0]]
[2020.05.03-04.35.46:612][  0]LogConfig: Applying CVar settings from Section [AntiAliasingQuality@3] File [I:/Unreal Project/Level-Design-Final/LDFinal/Saved/Config/Windows/Scalability.ini]
[2020.05.03-04.35.46:612][  0]LogConfig: Setting CVar [[r.PostProcessAAQuality:4]]
[2020.05.03-04.35.46:612][  0]LogConfig: Applying CVar settings from Section [ShadowQuality@3] File [I:/Unreal Project/Level-Design-Final/LDFinal/Saved/Config/Windows/Scalability.ini]
[2020.05.03-04.35.46:612][  0]LogConfig: Setting CVar [[r.LightFunctionQuality:1]]
[2020.05.03-04.35.46:612][  0]LogConfig: Setting CVar [[r.ShadowQuality:5]]
[2020.05.03-04.35.46:612][  0]LogConfig: Setting CVar [[r.Shadow.CSM.MaxCascades:10]]
[2020.05.03-04.35.46:612][  0]LogConfig: Setting CVar [[r.Shadow.MaxResolution:2048]]
[2020.05.03-04.35.46:612][  0]LogConfig: Setting CVar [[r.Shadow.MaxCSMResolution:2048]]
[2020.05.03-04.35.46:612][  0]LogConfig: Setting CVar [[r.Shadow.RadiusThreshold:0.01]]
[2020.05.03-04.35.46:612][  0]LogConfig: Setting CVar [[r.Shadow.DistanceScale:1.0]]
[2020.05.03-04.35.46:612][  0]LogConfig: Setting CVar [[r.Shadow.CSM.TransitionScale:1.0]]
[2020.05.03-04.35.46:613][  0]LogConfig: Setting CVar [[r.Shadow.PreShadowResolutionFactor:1.0]]
[2020.05.03-04.35.46:613][  0]LogConfig: Setting CVar [[r.DistanceFieldShadowing:1]]
[2020.05.03-04.35.46:613][  0]LogConfig: Setting CVar [[r.DistanceFieldAO:1]]
[2020.05.03-04.35.46:613][  0]LogConfig: Setting CVar [[r.AOQuality:2]]
[2020.05.03-04.35.46:613][  0]LogConfig: Setting CVar [[r.VolumetricFog:1]]
[2020.05.03-04.35.46:613][  0]LogConfig: Setting CVar [[r.VolumetricFog.GridPixelSize:8]]
[2020.05.03-04.35.46:613][  0]LogConfig: Setting CVar [[r.VolumetricFog.GridSizeZ:128]]
[2020.05.03-04.35.46:613][  0]LogConfig: Setting CVar [[r.VolumetricFog.HistoryMissSupersampleCount:4]]
[2020.05.03-04.35.46:613][  0]LogConfig: Setting CVar [[r.LightMaxDrawDistanceScale:1]]
[2020.05.03-04.35.46:613][  0]LogConfig: Setting CVar [[r.CapsuleShadows:1]]
[2020.05.03-04.35.46:613][  0]LogConfig: Applying CVar settings from Section [PostProcessQuality@3] File [I:/Unreal Project/Level-Design-Final/LDFinal/Saved/Config/Windows/Scalability.ini]
[2020.05.03-04.35.46:613][  0]LogConfig: Setting CVar [[r.MotionBlurQuality:4]]
[2020.05.03-04.35.46:613][  0]LogConfig: Setting CVar [[r.AmbientOcclusionMipLevelFactor:0.4]]
[2020.05.03-04.35.46:613][  0]LogConfig: Setting CVar [[r.AmbientOcclusionMaxQuality:100]]
[2020.05.03-04.35.46:613][  0]LogConfig: Setting CVar [[r.AmbientOcclusionLevels:-1]]
[2020.05.03-04.35.46:613][  0]LogConfig: Setting CVar [[r.AmbientOcclusionRadiusScale:1.0]]
[2020.05.03-04.35.46:613][  0]LogConfig: Setting CVar [[r.DepthOfFieldQuality:2]]
[2020.05.03-04.35.46:613][  0]LogConfig: Setting CVar [[r.RenderTargetPoolMin:400]]
[2020.05.03-04.35.46:613][  0]LogConfig: Setting CVar [[r.LensFlareQuality:2]]
[2020.05.03-04.35.46:613][  0]LogConfig: Setting CVar [[r.SceneColorFringeQuality:1]]
[2020.05.03-04.35.46:613][  0]LogConfig: Setting CVar [[r.EyeAdaptationQuality:2]]
[2020.05.03-04.35.46:613][  0]LogConfig: Setting CVar [[r.BloomQuality:5]]
[2020.05.03-04.35.46:613][  0]LogConfig: Setting CVar [[r.FastBlurThreshold:100]]
[2020.05.03-04.35.46:613][  0]LogConfig: Setting CVar [[r.Upscale.Quality:3]]
[2020.05.03-04.35.46:613][  0]LogConfig: Setting CVar [[r.Tonemapper.GrainQuantization:1]]
[2020.05.03-04.35.46:613][  0]LogConfig: Setting CVar [[r.LightShaftQuality:1]]
[2020.05.03-04.35.46:614][  0]LogConfig: Setting CVar [[r.Filter.SizeScale:1]]
[2020.05.03-04.35.46:614][  0]LogConfig: Setting CVar [[r.Tonemapper.Quality:5]]
[2020.05.03-04.35.46:614][  0]LogConfig: Setting CVar [[r.DOF.Gather.AccumulatorQuality:1        ; higher gathering accumulator quality]]
[2020.05.03-04.35.46:614][  0]LogConfig: Setting CVar [[r.DOF.Gather.PostfilterMethod:1          ; Median3x3 postfilering method]]
[2020.05.03-04.35.46:614][  0]LogConfig: Setting CVar [[r.DOF.Gather.EnableBokehSettings:0       ; no bokeh simulation when gathering]]
[2020.05.03-04.35.46:614][  0]LogConfig: Setting CVar [[r.DOF.Gather.RingCount:4                 ; medium number of samples when gathering]]
[2020.05.03-04.35.46:614][  0]LogConfig: Setting CVar [[r.DOF.Scatter.ForegroundCompositing:1    ; additive foreground scattering]]
[2020.05.03-04.35.46:614][  0]LogConfig: Setting CVar [[r.DOF.Scatter.BackgroundCompositing:2    ; additive background scattering]]
[2020.05.03-04.35.46:614][  0]LogConfig: Setting CVar [[r.DOF.Scatter.EnableBokehSettings:1      ; bokeh simulation when scattering]]
[2020.05.03-04.35.46:614][  0]LogConfig: Setting CVar [[r.DOF.Scatter.MaxSpriteRatio:0.1         ; only a maximum of 10% of scattered bokeh]]
[2020.05.03-04.35.46:614][  0]LogConfig: Setting CVar [[r.DOF.Recombine.Quality:1                ; cheap slight out of focus]]
[2020.05.03-04.35.46:614][  0]LogConfig: Setting CVar [[r.DOF.Recombine.EnableBokehSettings:0    ; no bokeh simulation on slight out of focus]]
[2020.05.03-04.35.46:614][  0]LogConfig: Setting CVar [[r.DOF.TemporalAAQuality:1                ; more stable temporal accumulation]]
[2020.05.03-04.35.46:614][  0]LogConfig: Setting CVar [[r.DOF.Kernel.MaxForegroundRadius:0.025]]
[2020.05.03-04.35.46:614][  0]LogConfig: Setting CVar [[r.DOF.Kernel.MaxBackgroundRadius:0.025]]
[2020.05.03-04.35.46:614][  0]LogConfig: Applying CVar settings from Section [TextureQuality@3] File [I:/Unreal Project/Level-Design-Final/LDFinal/Saved/Config/Windows/Scalability.ini]
[2020.05.03-04.35.46:614][  0]LogConfig: Setting CVar [[r.Streaming.MipBias:0]]
[2020.05.03-04.35.46:614][  0]LogConfig: Setting CVar [[r.Streaming.AmortizeCPUToGPUCopy:0]]
[2020.05.03-04.35.46:614][  0]LogConfig: Setting CVar [[r.Streaming.MaxNumTexturesToStreamPerFrame:0]]
[2020.05.03-04.35.46:614][  0]LogConfig: Setting CVar [[r.Streaming.Boost:1]]
[2020.05.03-04.35.46:614][  0]LogConfig: Setting CVar [[r.MaxAnisotropy:8]]
[2020.05.03-04.35.46:614][  0]LogConfig: Setting CVar [[r.VT.MaxAnisotropy:8]]
[2020.05.03-04.35.46:614][  0]LogConfig: Setting CVar [[r.Streaming.LimitPoolSizeToVRAM:0]]
[2020.05.03-04.35.46:614][  0]LogConfig: Setting CVar [[r.Streaming.PoolSize:1000]]
[2020.05.03-04.35.46:614][  0]LogConfig: Setting CVar [[r.Streaming.MaxEffectiveScreenSize:0]]
[2020.05.03-04.35.46:614][  0]LogConfig: Applying CVar settings from Section [EffectsQuality@3] File [I:/Unreal Project/Level-Design-Final/LDFinal/Saved/Config/Windows/Scalability.ini]
[2020.05.03-04.35.46:614][  0]LogConfig: Setting CVar [[r.TranslucencyLightingVolumeDim:64]]
[2020.05.03-04.35.46:614][  0]LogConfig: Setting CVar [[r.RefractionQuality:2]]
[2020.05.03-04.35.46:614][  0]LogConfig: Setting CVar [[r.SSR.Quality:3]]
[2020.05.03-04.35.46:614][  0]LogConfig: Setting CVar [[r.SSR.HalfResSceneColor:0]]
[2020.05.03-04.35.46:614][  0]LogConfig: Setting CVar [[r.SceneColorFormat:4]]
[2020.05.03-04.35.46:614][  0]LogConfig: Setting CVar [[r.DetailMode:2]]
[2020.05.03-04.35.46:614][  0]LogConfig: Setting CVar [[r.TranslucencyVolumeBlur:1]]
[2020.05.03-04.35.46:614][  0]LogConfig: Setting CVar [[r.MaterialQualityLevel:1 ; High quality]]
[2020.05.03-04.35.46:614][  0]LogConfig: Setting CVar [[r.SSS.Scale:1]]
[2020.05.03-04.35.46:615][  0]LogConfig: Setting CVar [[r.SSS.SampleSet:2]]
[2020.05.03-04.35.46:615][  0]LogConfig: Setting CVar [[r.SSS.Quality:1]]
[2020.05.03-04.35.46:615][  0]LogConfig: Setting CVar [[r.SSS.HalfRes:1]]
[2020.05.03-04.35.46:615][  0]LogConfig: Setting CVar [[r.SSGI.Quality:3]]
[2020.05.03-04.35.46:615][  0]LogConfig: Setting CVar [[r.EmitterSpawnRateScale:1.0]]
[2020.05.03-04.35.46:615][  0]LogConfig: Setting CVar [[r.ParticleLightQuality:2]]
[2020.05.03-04.35.46:615][  0]LogConfig: Setting CVar [[r.SkyAtmosphere.AerialPerspectiveLUT.FastApplyOnOpaque:1 ; Always have FastSkyLUT 1 in this case to avoid wrong sky]]
[2020.05.03-04.35.46:615][  0]LogConfig: Setting CVar [[r.SkyAtmosphere.AerialPerspectiveLUT.SampleCountPerSlice:1]]
[2020.05.03-04.35.46:615][  0]LogConfig: Setting CVar [[r.SkyAtmosphere.AerialPerspectiveLUT.DepthResolution:16.0]]
[2020.05.03-04.35.46:615][  0]LogConfig: Setting CVar [[r.SkyAtmosphere.FastSkyLUT:1]]
[2020.05.03-04.35.46:615][  0]LogConfig: Setting CVar [[r.SkyAtmosphere.FastSkyLUT.SampleCountMin:4.0]]
[2020.05.03-04.35.46:615][  0]LogConfig: Setting CVar [[r.SkyAtmosphere.FastSkyLUT.SampleCountMax:32.0]]
[2020.05.03-04.35.46:615][  0]LogConfig: Setting CVar [[r.SkyAtmosphere.SampleCountMin:4.0]]
[2020.05.03-04.35.46:615][  0]LogConfig: Setting CVar [[r.SkyAtmosphere.SampleCountMax:32.0]]
[2020.05.03-04.35.46:615][  0]LogConfig: Setting CVar [[r.SkyAtmosphere.TransmittanceLUT.UseSmallFormat:0]]
[2020.05.03-04.35.46:615][  0]LogConfig: Setting CVar [[r.SkyAtmosphere.TransmittanceLUT.SampleCount:10.0]]
[2020.05.03-04.35.46:615][  0]LogConfig: Setting CVar [[r.SkyAtmosphere.MultiScatteringLUT.SampleCount:15.0]]
[2020.05.03-04.35.46:615][  0]LogConfig: Applying CVar settings from Section [FoliageQuality@3] File [I:/Unreal Project/Level-Design-Final/LDFinal/Saved/Config/Windows/Scalability.ini]
[2020.05.03-04.35.46:615][  0]LogConfig: Setting CVar [[foliage.DensityScale:1.0]]
[2020.05.03-04.35.46:615][  0]LogConfig: Setting CVar [[grass.DensityScale:1.0]]
[2020.05.03-04.35.46:615][  0]LogConfig: Applying CVar settings from Section [ShadingQuality@3] File [I:/Unreal Project/Level-Design-Final/LDFinal/Saved/Config/Windows/Scalability.ini]
[2020.05.03-04.35.46:615][  0]LogConfig: Setting CVar [[r.HairStrands.SkyLighting.SampleCount:16]]
[2020.05.03-04.35.46:615][  0]LogConfig: Setting CVar [[r.HairStrands.SkyLighting.JitterIntegration:0]]
[2020.05.03-04.35.46:615][  0]LogConfig: Setting CVar [[r.HairStrands.SkyAO.SampleCount:16]]
[2020.05.03-04.35.46:615][  0]LogConfig: Applying CVar settings from Section [Startup] File [../../../Engine/Config/ConsoleVariables.ini]
[2020.05.03-04.35.46:616][  0]LogConfig: Setting CVar [[net.UseAdaptiveNetUpdateFrequency:0]]
[2020.05.03-04.35.46:616][  0]LogConfig: Setting CVar [[p.chaos.AllowCreatePhysxBodies:1]]
[2020.05.03-04.35.46:616][  0]LogConfig: Applying CVar settings from Section [ConsoleVariables] File [I:/Unreal Project/Level-Design-Final/LDFinal/Saved/Config/Windows/Engine.ini]
[2020.05.03-04.35.46:617][  0]LogInit: Computer: DESKTOP-GF1EQQH
[2020.05.03-04.35.46:617][  0]LogInit: User: hasee
[2020.05.03-04.35.46:617][  0]LogInit: CPU Page size=4096, Cores=4
[2020.05.03-04.35.46:617][  0]LogInit: High frequency timer resolution =10.000000 MHz
[2020.05.03-04.35.46:617][  0]LogMemory: Memory total: Physical=15.8GB (16GB approx)
[2020.05.03-04.35.46:617][  0]LogMemory: Platform Memory Stats for Windows
[2020.05.03-04.35.46:617][  0]LogMemory: Process Physical Memory: 106.38 MB used, 106.38 MB peak
[2020.05.03-04.35.46:617][  0]LogMemory: Process Virtual Memory: 100.94 MB used, 100.94 MB peak
[2020.05.03-04.35.46:617][  0]LogMemory: Physical Memory: 7533.91 MB used,  8665.08 MB free, 16198.99 MB total
[2020.05.03-04.35.46:617][  0]LogMemory: Virtual Memory: 5140.35 MB used,  134212584.00 MB free, 134217728.00 MB total
[2020.05.03-04.35.46:625][  0]LogWindows: WindowsPlatformFeatures enabled
[2020.05.03-04.35.46:702][  0]LogInit: Using OS detected language (zh-CN).
[2020.05.03-04.35.46:702][  0]LogInit: Using OS detected locale (zh-CN).
[2020.05.03-04.35.46:703][  0]LogTextLocalizationManager: No specific localization for 'zh-CN' exists, so the 'zh-Hans' localization will be used.
[2020.05.03-04.35.46:809][  0]LogTextLocalizationResource: LocRes '../../../Engine/Content/Localization/Editor/zh/Editor.locres' could not be opened for reading!
[2020.05.03-04.35.46:809][  0]LogTextLocalizationResource: LocRes '../../../Engine/Content/Localization/EditorTutorials/zh/EditorTutorials.locres' could not be opened for reading!
[2020.05.03-04.35.46:809][  0]LogTextLocalizationResource: LocRes '../../../Engine/Content/Localization/Keywords/zh/Keywords.locres' could not be opened for reading!
[2020.05.03-04.35.46:810][  0]LogTextLocalizationResource: LocRes '../../../Engine/Content/Localization/Category/zh/Category.locres' could not be opened for reading!
[2020.05.03-04.35.46:810][  0]LogTextLocalizationResource: LocRes '../../../Engine/Content/Localization/ToolTips/zh/ToolTips.locres' could not be opened for reading!
[2020.05.03-04.35.46:810][  0]LogTextLocalizationResource: LocRes '../../../Engine/Content/Localization/PropertyNames/zh/PropertyNames.locres' could not be opened for reading!
[2020.05.03-04.35.46:810][  0]LogTextLocalizationResource: LocRes '../../../Engine/Content/Localization/Engine/zh/Engine.locres' could not be opened for reading!
[2020.05.03-04.35.46:811][  0]LogTextLocalizationResource: LocRes '../../../Engine/Plugins/Online/Android/OnlineSubsystemGooglePlay/Content/Localization/OnlineSubsystemGooglePlay/zh/OnlineSubsystemGooglePlay.locres' could not be opened for reading!
[2020.05.03-04.35.46:811][  0]LogTextLocalizationResource: LocRes '../../../Engine/Plugins/Online/IOS/OnlineSubsystemIOS/Content/Localization/OnlineSubsystemIOS/zh/OnlineSubsystemIOS.locres' could not be opened for reading!
[2020.05.03-04.35.46:811][  0]LogTextLocalizationResource: LocRes '../../../Engine/Plugins/Online/OnlineSubsystem/Content/Localization/OnlineSubsystem/zh/OnlineSubsystem.locres' could not be opened for reading!
[2020.05.03-04.35.46:811][  0]LogTextLocalizationResource: LocRes '../../../Engine/Plugins/Online/OnlineSubsystemUtils/Content/Localization/OnlineSubsystemUtils/zh/OnlineSubsystemUtils.locres' could not be opened for reading!
[2020.05.03-04.35.46:864][  0]LogInit: Setting process to per monitor DPI aware
[2020.05.03-04.35.46:927][  0]LogSlate: New Slate User Created.  User Index 0, Is Virtual User: 0
[2020.05.03-04.35.46:927][  0]LogSlate: Slate User Registered.  User Index 0, Is Virtual User: 0
[2020.05.03-04.35.47:417][  0]LogHMD: Failed to initialize OpenVR with code 110
[2020.05.03-04.35.47:417][  0]LogD3D11RHI: D3D11 min allowed feature level: 11_0
[2020.05.03-04.35.47:417][  0]LogD3D11RHI: D3D11 max allowed feature level: 11_0
[2020.05.03-04.35.47:417][  0]LogD3D11RHI: D3D11 adapters:
[2020.05.03-04.35.47:585][  0]LogD3D11RHI:    0. 'NVIDIA GeForce GTX 980M' (Feature Level 11_0)
[2020.05.03-04.35.47:585][  0]LogD3D11RHI:       8144/0/8099 MB DedicatedVideo/DedicatedSystem/SharedSystem, Outputs:2, VendorId:0x10de
[2020.05.03-04.35.47:719][  0]LogD3D11RHI:    1. 'Intel(R) HD Graphics 530' (Feature Level 11_0)
[2020.05.03-04.35.47:719][  0]LogD3D11RHI:       128/0/8099 MB DedicatedVideo/DedicatedSystem/SharedSystem, Outputs:0, VendorId:0x8086
[2020.05.03-04.35.47:727][  0]LogD3D11RHI:    2. 'Microsoft Basic Render Driver' (Feature Level 11_0)
[2020.05.03-04.35.47:727][  0]LogD3D11RHI:       0/0/8099 MB DedicatedVideo/DedicatedSystem/SharedSystem, Outputs:0, VendorId:0x1414
[2020.05.03-04.35.47:727][  0]LogD3D11RHI: Chosen D3D11 Adapter: 0
[2020.05.03-04.35.47:805][  0]LogD3D11RHI: Creating new Direct3DDevice
[2020.05.03-04.35.47:806][  0]LogD3D11RHI:     GPU DeviceId: 0x13d7 (for the marketing name, search the web for "GPU Device Id")
[2020.05.03-04.35.47:806][  0]LogWindows: EnumDisplayDevices:
[2020.05.03-04.35.47:806][  0]LogWindows:    0. 'Intel(R) HD Graphics 530' (P:1 D:1)
[2020.05.03-04.35.47:807][  0]LogWindows:    1. 'Intel(R) HD Graphics 530' (P:0 D:0)
[2020.05.03-04.35.47:809][  0]LogWindows:    2. 'Intel(R) HD Graphics 530' (P:0 D:0)
[2020.05.03-04.35.47:811][  0]LogWindows:    3. 'NVIDIA GeForce GTX 980M' (P:0 D:1)
[2020.05.03-04.35.47:813][  0]LogWindows:    4. 'NVIDIA GeForce GTX 980M' (P:0 D:0)
[2020.05.03-04.35.47:815][  0]LogWindows:    5. 'NVIDIA GeForce GTX 980M' (P:0 D:0)
[2020.05.03-04.35.47:817][  0]LogWindows:    6. 'NVIDIA GeForce GTX 980M' (P:0 D:0)
[2020.05.03-04.35.47:819][  0]LogWindows: DebugString: PrimaryIsNotTheChoosenAdapter PrimaryIsNotTheChoosenAdapter PrimaryIsNotTheChoosenAdapter FoundDriverCount:4 
[2020.05.03-04.35.47:819][  0]LogD3D11RHI:     Adapter Name: NVIDIA GeForce GTX 980M
[2020.05.03-04.35.47:819][  0]LogD3D11RHI:   Driver Version: 436.15 (internal:26.21.14.3615, unified:436.15)
[2020.05.03-04.35.47:819][  0]LogD3D11RHI:      Driver Date: 8-24-2019
[2020.05.03-04.35.47:819][  0]LogRHI: Texture pool is 5701 MB (70% of 8144 MB)
[2020.05.03-04.35.47:917][  0]LogD3D11RHI: RHI has support for 64 bit atomics
[2020.05.03-04.35.47:917][  0]LogD3D11RHI: Async texture creation enabled
[2020.05.03-04.35.47:946][  0]LogD3D11RHI: GPU Timing Frequency: 1000.000000 (Debug: 2 1)
[2020.05.03-04.35.48:889][  0]LogTargetPlatformManager: Display: Loaded TargetPlatform 'AllDesktop'
[2020.05.03-04.35.48:944][  0]LogTargetPlatformManager: Display: Loaded TargetPlatform 'Android'
[2020.05.03-04.35.48:944][  0]LogTargetPlatformManager: Display: Loaded TargetPlatform 'Android_ASTC'
[2020.05.03-04.35.48:944][  0]LogTargetPlatformManager: Display: Loaded TargetPlatform 'Android_ATC'
[2020.05.03-04.35.48:944][  0]LogTargetPlatformManager: Display: Loaded TargetPlatform 'Android_DXT'
[2020.05.03-04.35.48:944][  0]LogTargetPlatformManager: Display: Loaded TargetPlatform 'Android_ETC1'
[2020.05.03-04.35.48:944][  0]LogTargetPlatformManager: Display: Loaded TargetPlatform 'Android_ETC1a'
[2020.05.03-04.35.48:944][  0]LogTargetPlatformManager: Display: Loaded TargetPlatform 'Android_ETC2'
[2020.05.03-04.35.48:944][  0]LogTargetPlatformManager: Display: Loaded TargetPlatform 'Android_PVRTC'
[2020.05.03-04.35.48:944][  0]LogTargetPlatformManager: Display: Loaded TargetPlatform 'AndroidClient'
[2020.05.03-04.35.48:944][  0]LogTargetPlatformManager: Display: Loaded TargetPlatform 'Android_ASTCClient'
[2020.05.03-04.35.48:944][  0]LogTargetPlatformManager: Display: Loaded TargetPlatform 'Android_ATCClient'
[2020.05.03-04.35.48:944][  0]LogTargetPlatformManager: Display: Loaded TargetPlatform 'Android_DXTClient'
[2020.05.03-04.35.48:944][  0]LogTargetPlatformManager: Display: Loaded TargetPlatform 'Android_ETC1Client'
[2020.05.03-04.35.48:944][  0]LogTargetPlatformManager: Display: Loaded TargetPlatform 'Android_ETC1aClient'
[2020.05.03-04.35.48:944][  0]LogTargetPlatformManager: Display: Loaded TargetPlatform 'Android_ETC2Client'
[2020.05.03-04.35.48:944][  0]LogTargetPlatformManager: Display: Loaded TargetPlatform 'Android_PVRTCClient'
[2020.05.03-04.35.48:944][  0]LogTargetPlatformManager: Display: Loaded TargetPlatform 'Android_Multi'
[2020.05.03-04.35.48:944][  0]LogTargetPlatformManager: Display: Loaded TargetPlatform 'Android_MultiClient'
[2020.05.03-04.35.48:977][  0]LogTargetPlatformManager: Display: Loaded TargetPlatform 'IOSClient'
[2020.05.03-04.35.48:977][  0]LogTargetPlatformManager: Display: Loaded TargetPlatform 'IOS'
[2020.05.03-04.35.48:991][  0]LogTargetPlatformManager: Display: Loaded TargetPlatform 'LinuxNoEditor'
[2020.05.03-04.35.49:003][  0]LogTargetPlatformManager: Display: Loaded TargetPlatform 'LinuxClient'
[2020.05.03-04.35.49:016][  0]LogTargetPlatformManager: Display: Loaded TargetPlatform 'LinuxServer'
[2020.05.03-04.35.49:035][  0]LogTargetPlatformManager: Display: Loaded TargetPlatform 'LinuxAArch64NoEditor'
[2020.05.03-04.35.49:047][  0]LogTargetPlatformManager: Display: Loaded TargetPlatform 'LinuxAArch64Client'
[2020.05.03-04.35.49:060][  0]LogTargetPlatformManager: Display: Loaded TargetPlatform 'LinuxAArch64Server'
[2020.05.03-04.35.49:102][  0]LogTargetPlatformManager: Display: Loaded TargetPlatform 'Lumin'
[2020.05.03-04.35.49:102][  0]LogTargetPlatformManager: Display: Loaded TargetPlatform 'LuminClient'
[2020.05.03-04.35.49:123][  0]LogTargetPlatformManager: Display: Loaded TargetPlatform 'TVOSClient'
[2020.05.03-04.35.49:123][  0]LogTargetPlatformManager: Display: Loaded TargetPlatform 'TVOS'
[2020.05.03-04.35.49:136][  0]LogTargetPlatformManager: Display: Loaded TargetPlatform 'WindowsNoEditor'
[2020.05.03-04.35.49:149][  0]LogTargetPlatformManager: Display: Loaded TargetPlatform 'Windows'
[2020.05.03-04.35.49:161][  0]LogTargetPlatformManager: Display: Loaded TargetPlatform 'WindowsClient'
[2020.05.03-04.35.49:172][  0]LogTargetPlatformManager: Display: Loaded TargetPlatform 'WindowsServer'
[2020.05.03-04.35.49:172][  0]LogTargetPlatformManager: Display: Building Assets For Windows
[2020.05.03-04.35.49:183][  0]LogAudioDebug: Display: Lib vorbis DLL was dynamically loaded.
[2020.05.03-04.35.49:243][  0]LogShaderCompilers: Guid format shader working directory is -25 characters bigger than the processId version (I:/Unreal Project/Level-Design-Final/LDFinal/Intermediate/Shaders/WorkingDirectory/18976/).
[2020.05.03-04.35.49:243][  0]LogShaderCompilers: Cleaned the shader compiler working directory 'I:/Temp/UnrealShaderWorkingDir/438ECE314FBDF2852859B8A384AFAEB6/'.
[2020.05.03-04.35.49:246][  0]LogXGEController: Cannot use XGE Controller as Incredibuild is not installed on this machine.
[2020.05.03-04.35.49:246][  0]LogShaderCompilers: Cannot use XGE Shader Compiler as Incredibuild is not installed on this machine.
[2020.05.03-04.35.49:246][  0]LogShaderCompilers: Display: Using Local Shader Compiler.
[2020.05.03-04.35.50:519][  0]LogDerivedDataCache: Display: Max Cache Size: 512 MB
[2020.05.03-04.35.50:602][  0]LogDerivedDataCache: Loaded boot cache 0.08s 78MB C:/Users/hasee/AppData/Local/UnrealEngine/4.24/DerivedDataCache/Boot.ddc.
[2020.05.03-04.35.50:602][  0]LogDerivedDataCache: Display: Loaded Boot cache: C:/Users/hasee/AppData/Local/UnrealEngine/4.24/DerivedDataCache/Boot.ddc
[2020.05.03-04.35.50:603][  0]LogDerivedDataCache: FDerivedDataBackendGraph:  Pak pak cache file I:/Unreal Project/Level-Design-Final/LDFinal/DerivedDataCache/DDC.ddp not found, will not use a pak cache.
[2020.05.03-04.35.50:603][  0]LogDerivedDataCache: Unable to find inner node Pak for hierarchical cache Hierarchy.
[2020.05.03-04.35.50:603][  0]LogDerivedDataCache: FDerivedDataBackendGraph:  CompressedPak pak cache file I:/Unreal Project/Level-Design-Final/LDFinal/DerivedDataCache/Compressed.ddp not found, will not use a pak cache.
[2020.05.03-04.35.50:603][  0]LogDerivedDataCache: Unable to find inner node CompressedPak for hierarchical cache Hierarchy.
[2020.05.03-04.35.50:619][  0]LogDerivedDataCache: Display: Pak cache opened for reading ../../../Engine/DerivedDataCache/Compressed.ddp.
[2020.05.03-04.35.50:619][  0]LogDerivedDataCache: FDerivedDataBackendGraph:  EnterprisePak pak cache file ../../../Enterprise/DerivedDataCache/Compressed.ddp not found, will not use a pak cache.
[2020.05.03-04.35.50:619][  0]LogDerivedDataCache: Unable to find inner node EnterprisePak for hierarchical cache Hierarchy.
[2020.05.03-04.35.50:622][  0]LogDerivedDataCache: Using Local data cache path C:/Users/hasee/AppData/Local/UnrealEngine/Common/DerivedDataCache: Writable
[2020.05.03-04.35.50:622][  0]LogDerivedDataCache: Shared data cache path not found in *engine.ini, will not use an Shared cache.
[2020.05.03-04.35.50:622][  0]LogDerivedDataCache: Unable to find inner node Shared for hierarchical cache Hierarchy.
[2020.05.03-04.35.50:667][  0]LogMaterial: Verifying Global Shaders for PCD3D_SM5
[2020.05.03-04.35.50:671][  0]LogSlate: Using FreeType 2.10.0
[2020.05.03-04.35.50:671][  0]LogSlate: SlateFontServices - WITH_FREETYPE: 1, WITH_HARFBUZZ: 1
[2020.05.03-04.35.50:785][  0]LogAssetRegistry: FAssetRegistry took 0.0050 seconds to start up
[2020.05.03-04.35.51:364][  0]LogInit: Selected Device Profile: [Windows]
[2020.05.03-04.35.51:689][  0]LogMeshReduction: Using QuadricMeshReduction for automatic static mesh reduction
[2020.05.03-04.35.51:689][  0]LogMeshReduction: Using SimplygonMeshReduction for automatic skeletal mesh reduction
[2020.05.03-04.35.51:689][  0]LogMeshReduction: Using ProxyLODMeshReduction for automatic mesh merging
[2020.05.03-04.35.51:689][  0]LogMeshReduction: No distributed automatic mesh merging module available
[2020.05.03-04.35.51:689][  0]LogMeshMerging: No distributed automatic mesh merging module available
[2020.05.03-04.35.51:714][  0]LogNetVersion: LDF 1.0.0, NetCL: 10570792, EngineNetVer: 13, GameNetVer: 0 (Checksum: 2805682252)
[2020.05.03-04.35.53:991][  0]LogPackageLocalizationCache: Processed 10 localized package path(s) for 2 prioritized culture(s) in 0.198535 seconds
[2020.05.03-04.35.54:004][  0]LogUObjectArray: 46750 objects as part of root set at end of initial load.
[2020.05.03-04.35.54:004][  0]LogUObjectAllocator: 8137160 out of 0 bytes used by permanent object pool.
[2020.05.03-04.35.54:004][  0]LogUObjectArray: CloseDisregardForGC: 0/0 objects in disregard for GC pool
[2020.05.03-04.35.54:895][  0]LogTcpMessaging: Initializing TcpMessaging bridge
[2020.05.03-04.35.54:902][  0]LogUdpMessaging: Initializing bridge on interface 0.0.0.0:0 to multicast group 230.0.0.1:6666.
[2020.05.03-04.35.55:019][  0]SourceControl: 源码管理已禁用
[2020.05.03-04.35.55:019][  0]SourceControl: 源码管理已禁用
[2020.05.03-04.35.55:021][  0]SourceControl: 源码管理已禁用
[2020.05.03-04.35.55:024][  0]SourceControl: 源码管理已禁用
[2020.05.03-04.35.55:026][  0]SourceControl: 源码管理已禁用
[2020.05.03-04.35.55:234][  0]LogAndroidPermission: UAndroidPermissionCallbackProxy::GetInstance
[2020.05.03-04.35.55:256][  0]LogAudioCaptureCore: Display: No Audio Capture implementations found. Audio input will be silent.
[2020.05.03-04.35.55:256][  0]LogAudioCaptureCore: Display: No Audio Capture implementations found. Audio input will be silent.
[2020.05.03-04.35.55:438][  0]LogOcInput: OculusInput pre-init called
[2020.05.03-04.35.55:467][  0]LogWindows: Failed to load 'OVRPlugin.dll' (GetLastError=126)
[2020.05.03-04.35.55:467][  0]LogWindows: File 'OVRPlugin.dll' does not exist
[2020.05.03-04.35.55:616][  0]LogEngine: Initializing Engine...
[2020.05.03-04.35.55:620][  0]LogHMD: Failed to initialize OpenVR with code 110
[2020.05.03-04.35.55:621][  0]LogStats: UGameplayTagsManager::InitializeManager -  0.000 s
[2020.05.03-04.35.56:359][  0]LogInit: Initializing FReadOnlyCVARCache
[2020.05.03-04.35.56:374][  0]LogAIModule: Creating AISystem for world Untitled
[2020.05.03-04.35.56:412][  0]LogAudioMixer: Display: Audio Mixer Platform Settings:
[2020.05.03-04.35.56:413][  0]LogAudioMixer: Display: 	Sample Rate:						  48000
[2020.05.03-04.35.56:413][  0]LogAudioMixer: Display: 	Callback Buffer Frame Size Requested: 1024
[2020.05.03-04.35.56:413][  0]LogAudioMixer: Display: 	Callback Buffer Frame Size To Use:	  1024
[2020.05.03-04.35.56:413][  0]LogAudioMixer: Display: 	Number of buffers to queue:			  2
[2020.05.03-04.35.56:413][  0]LogAudioMixer: Display: 	Max Channels (voices):				  32
[2020.05.03-04.35.56:413][  0]LogAudioMixer: Display: 	Number of Async Source Workers:		  0
[2020.05.03-04.35.56:413][  0]LogAudio: Display: AudioDevice MaxSources: 32
[2020.05.03-04.35.56:414][  0]LogAudio: Display: Using built-in audio occlusion.
[2020.05.03-04.35.56:414][  0]LogAudioMixer: Display: Initializing audio mixer.
[2020.05.03-04.35.56:632][  0]LogAudioMixer: Display: Audio Device Output Speaker Info:
[2020.05.03-04.35.56:632][  0]LogAudioMixer: Display: Name: Acer XF270H B (2- NVIDIA High Definition Audio)
[2020.05.03-04.35.56:632][  0]LogAudioMixer: Display: Is Default: Yes
[2020.05.03-04.35.56:632][  0]LogAudioMixer: Display: Sample Rate: 48000
[2020.05.03-04.35.56:632][  0]LogAudioMixer: Display: Channel Count Used: 2
[2020.05.03-04.35.56:632][  0]LogAudioMixer: Display: Device Channel Count: 2
[2020.05.03-04.35.56:632][  0]LogAudioMixer: Display: Channel Order:
[2020.05.03-04.35.56:632][  0]LogAudioMixer: Display: 0: FrontLeft
[2020.05.03-04.35.56:632][  0]LogAudioMixer: Display: 1: FrontRight
[2020.05.03-04.35.56:722][  0]LogAudioMixer: Display: Using Audio Device Acer XF270H B (2- NVIDIA High Definition Audio)
[2020.05.03-04.35.56:733][  0]LogInit: FAudioDevice initialized.
[2020.05.03-04.35.56:734][  0]LogNetVersion: Set ProjectVersion to 1.0.0.0. Version Checksum will be recalculated on next use.
[2020.05.03-04.35.57:000][  0]LogDerivedDataCache: Saved boot cache 0.27s 78MB C:/Users/hasee/AppData/Local/UnrealEngine/4.24/DerivedDataCache/Boot.ddc.
[2020.05.03-04.35.57:008][  0]LogInit: Texture streaming: Enabled
[2020.05.03-04.35.57:035][  0]LogEngineSessionManager: EngineSessionManager initialized
[2020.05.03-04.35.57:035][  0]LogEditorSessionSummary: Verbose: Initializing EditorSessionSummaryWriter for editor session tracking
[2020.05.03-04.35.57:044][  0]LogEditorSessionSummary: EditorSessionSummaryWriter initialized
[2020.05.03-04.35.57:183][  0]LogInit: Transaction tracking system initialized
[2020.05.03-04.35.57:213][  0]BlueprintLog: New page: 编辑器加载
[2020.05.03-04.35.57:289][  0]LocalizationService: 本地化服务已禁用
[2020.05.03-04.35.57:895][  0]LogFileCache: Scanning file cache for directory 'I:/Unreal Project/Level-Design-Final/LDFinal/Content/' took 0.06s
[2020.05.03-04.35.57:895][  0]LogCook: Display: Max memory allowance for cook 16384mb min free memory 0mb
[2020.05.03-04.35.57:896][  0]LogCook: Display: Mobile HDR setting 1
[2020.05.03-04.35.59:286][  0]SourceControl: 源码管理已禁用
[2020.05.03-04.35.59:286][  0]Cmd: MAP LOAD FILE="../../../Engine/Content/Maps/Templates/Template_Default.umap" TEMPLATE=1 SHOWPROGRESS=1 FEATURELEVEL=3
[2020.05.03-04.35.59:287][  0]LightingResults: New page: 光照构建
[2020.05.03-04.35.59:288][  0]LogWorld: UWorld::CleanupWorld for Untitled, bSessionEnded=true, bCleanupResources=true
[2020.05.03-04.35.59:288][  0]LogSlate: InvalidateAllWidgets triggered.  All widgets were invalidated
[2020.05.03-04.35.59:288][  0]MapCheck: New page: 地图检测
[2020.05.03-04.35.59:288][  0]LightingResults: New page: 光照构建
[2020.05.03-04.35.59:321][  0]LogUObjectHash: Compacting FUObjectHashTables data took   2.49ms
[2020.05.03-04.35.59:470][  0]LogAIModule: Creating AISystem for world Untitled_1
[2020.05.03-04.35.59:476][  0]LogEditorServer: Finished looking for orphan Actors (0.000 secs)
[2020.05.03-04.35.59:513][  0]LogUObjectHash: Compacting FUObjectHashTables data took   3.81ms
[2020.05.03-04.35.59:514][  0]Cmd: MAP CHECKDEP NOCLEARLOG
[2020.05.03-04.35.59:514][  0]MapCheck: 地图检测完成：0个错误、0个警告、完成用时0.315毫秒。
[2020.05.03-04.35.59:514][  0]LogFileHelpers: Loading map 'Template_Default' took 0.228
[2020.05.03-04.35.59:775][  0]LogSlate: Updating window title bar state: overlay mode, drag disabled, window buttons hidden, title bar hidden
[2020.05.03-04.35.59:791][  0]LogSlate: Updating window title bar state: overlay mode, drag disabled, window buttons hidden, title bar hidden
[2020.05.03-04.35.59:802][  0]LogSlate: Updating window title bar state: overlay mode, drag disabled, window buttons hidden, title bar hidden
[2020.05.03-04.35.59:813][  0]LogSlate: Updating window title bar state: overlay mode, drag disabled, window buttons hidden, title bar hidden
[2020.05.03-04.35.59:836][  0]LogCollectionManager: Loaded 0 collections in 0.001389 seconds
[2020.05.03-04.35.59:873][  0]LogFileCache: Scanning file cache for directory 'I:/Unreal Project/Level-Design-Final/LDFinal/Saved/Collections/' took 0.00s
[2020.05.03-04.35.59:873][  0]LogFileCache: Scanning file cache for directory 'I:/Unreal Project/Level-Design-Final/LDFinal/Content/Developers/hasee/Collections/' took 0.00s
[2020.05.03-04.35.59:873][  0]LogFileCache: Scanning file cache for directory 'I:/Unreal Project/Level-Design-Final/LDFinal/Content/Collections/' took 0.00s
[2020.05.03-04.35.59:873][  0]LogContentBrowser: Native class hierarchy populated in 0.0122 seconds. Added 3015 classes and 717 folders.
[2020.05.03-04.35.59:882][  0]LogContentBrowser: Native class hierarchy updated for 'WidgetCarousel' in 0.0005 seconds. Added 0 classes and 0 folders.
[2020.05.03-04.36.00:514][  0]LogContentBrowser: Native class hierarchy updated for 'AddContentDialog' in 0.0005 seconds. Added 0 classes and 0 folders.
[2020.05.03-04.36.00:559][  0]LogContentBrowser: Native class hierarchy updated for 'SceneOutliner' in 0.0006 seconds. Added 2 classes and 3 folders.
[2020.05.03-04.36.00:683][  0]LogContentBrowser: Native class hierarchy updated for 'HierarchicalLODOutliner' in 0.0005 seconds. Added 0 classes and 0 folders.
[2020.05.03-04.36.00:683][  0]LogLoad: (Engine Initialization) Total time: 17.81 seconds
[2020.05.03-04.36.00:683][  0]LogLoad: (Engine Initialization) Total Blueprint compile time: 0.00 seconds
[2020.05.03-04.36.00:765][  0]LogContentStreaming: Texture pool size now 1000 MB
[2020.05.03-04.36.00:766][  0]LogSlate: Took 0.000252 seconds to synchronously load lazily loaded font '../../../Engine/Content/Slate/Fonts/Roboto-Regular.ttf' (155K)
[2020.05.03-04.36.00:770][  0]LogSlate: Took 0.002255 seconds to synchronously load lazily loaded font '../../../Engine/Content/Slate/Fonts/DroidSansFallback.ttf' (3848K)
[2020.05.03-04.36.00:770][  0]LogSlate: Took 0.000324 seconds to synchronously load lazily loaded font '../../../Engine/Content/Slate/Fonts/Roboto-Bold.ttf' (160K)
[2020.05.03-04.36.00:790][  0]LogSlate: Took 0.015181 seconds to synchronously load lazily loaded font '../../../Engine/Content/Editor/Slate/Fonts/FontAwesome.ttf' (139K)
[2020.05.03-04.36.01:081][  0]LogSlate: Took 0.015590 seconds to synchronously load lazily loaded font '../../../Engine/Content/Slate/Fonts/Roboto-Light.ttf' (167K)
[2020.05.03-04.36.01:104][  1]LogRenderer: Reallocating scene render targets to support 804x360 Format 10 NumSamples 1 (Frame:1).
[2020.05.03-04.36.03:342][ 34]LogAssetRegistry: Asset discovery search completed in 12.5581 seconds
[2020.05.03-04.36.03:350][ 34]LogCollectionManager: Fixed up redirectors for 0 collections in 0.000016 seconds (updated 0 objects)
[2020.05.03-04.36.39:158][397]LogSlate: Took 0.000464 seconds to synchronously load lazily loaded font '../../../Engine/Content/Slate/Fonts/Roboto-Light.ttf' (167K)
[2020.05.03-04.36.42:652][397]LogLinker: Warning: Asset 'I:/Unreal Project/Level-Design-Final/LDFinal/Content/MSPresets/MSTextures/Albedo.uasset' has been saved with empty engine version. The asset will be loaded but may be incompatible.
[2020.05.03-04.36.42:672][397]LogLinker: Warning: Asset 'I:/Unreal Project/Level-Design-Final/LDFinal/Content/MSPresets/MSTextures/Normal.uasset' has been saved with empty engine version. The asset will be loaded but may be incompatible.
[2020.05.03-04.36.42:738][397]LogLinker: Warning: Asset 'I:/Unreal Project/Level-Design-Final/LDFinal/Content/MSPresets/MSTextures/Roughness.uasset' has been saved with empty engine version. The asset will be loaded but may be incompatible.
[2020.05.03-04.36.56:670][397]LogMovieScene: Warning: Legacy data detected in sequence '/Game/CVInvInterface/Sequences/S_Drawer1Sequence (Unknown sequence)'. This will cause deterministic cooking issues. Please resave the package.
[2020.05.03-04.36.56:670][397]LogMovieScene: Warning: Legacy data detected in sequence '/Game/CVInvInterface/Sequences/S_Drawer1Sequence (S_Drawer1Sequence)'. This will cause deterministic cooking issues. Please resave the package.
[2020.05.03-04.36.56:670][397]LogMovieScene: Warning: Legacy data detected in sequence '/Game/CVInvInterface/Sequences/S_Drawer1Sequence (S_Drawer1Sequence)'. This will cause deterministic cooking issues. Please resave the package.
[2020.05.03-04.36.56:670][397]LogMovieScene: Warning: Legacy data detected in sequence '/Game/CVInvInterface/Sequences/S_Drawer1Sequence (S_Drawer1Sequence)'. This will cause deterministic cooking issues. Please resave the package.
[2020.05.03-04.36.56:720][397]LogStaticMesh: 正在构建静态网格体BlueSpruce_Med……
[2020.05.03-04.36.59:364][397]LogStaticMesh: Built static mesh [2.63s] /Game/ZhangJiajieMountain/Meshes/Tree/BlueSpruce_Med/BlueSpruce_Med.BlueSpruce_Med
[2020.05.03-04.37.01:155][397]LogMaterial: Display: Missing cached shader map for material Branches_08_Branch_Mat, compiling. 
[2020.05.03-04.37.01:317][397]LogShaderCompilers: Display: Worker (1/5): shaders left to compile 49
[2020.05.03-04.37.01:318][397]LogShaderCompilers: Display: Worker (2/5): shaders left to compile 39
[2020.05.03-04.37.01:318][397]LogShaderCompilers: Display: Worker (3/5): shaders left to compile 29
[2020.05.03-04.37.01:318][397]LogShaderCompilers: Display: Worker (4/5): shaders left to compile 19
[2020.05.03-04.37.01:318][397]LogMaterial: Display: Missing cached shader map for material BigLeafMapleLeaf_2_Leaf_Mat, compiling. 
[2020.05.03-04.37.01:364][397]LogMaterial: Display: Missing cached shader map for material BigLeafMapleLeaf_1_Leaf_Mat, compiling. 
[2020.05.03-04.37.01:415][397]LogMaterial: Display: Missing cached shader map for material BigLeafMapleBranches_Branch_Mat, compiling. 
[2020.05.03-04.37.01:452][397]LogMaterial: Display: Missing cached shader map for material BigLeafMapleBark_Branch_Mat, compiling. 
[2020.05.03-04.37.01:489][397]LogMaterial: Display: Missing cached shader map for material BigLeafMaple_Fall_High_Branch_Mat, compiling. 
[2020.05.03-04.37.13:131][397]LogShaderCompilers: Display: Worker (2/5): shaders left to compile 254
[2020.05.03-04.37.13:131][397]LogShaderCompilers: Display: Worker (1/5): shaders left to compile 244
[2020.05.03-04.37.13:131][397]LogShaderCompilers: Display: Worker (3/5): shaders left to compile 234
[2020.05.03-04.37.13:132][397]LogShaderCompilers: Display: Worker (4/5): shaders left to compile 224
[2020.05.03-04.37.13:132][397]LogMaterial: Display: Missing cached shader map for material EasternRedCedarBark_Branch_Mat, compiling. 
[2020.05.03-04.37.13:187][397]LogMaterial: Display: Missing cached shader map for material EasternRedCedar_Med_Leaf_Mat, compiling. 
[2020.05.03-04.37.13:256][397]LogMaterial: Display: Missing cached shader map for material EasternRedCedar_Med_Branch_Mat, compiling. 
[2020.05.03-04.37.13:311][397]LogMaterial: Display: Missing cached shader map for material Branches_01_Branch_Mat, compiling. 
[2020.05.03-04.37.14:095][397]LogMovieScene: Warning: Legacy data detected in sequence '/Game/CVInvInterface/Blueprints/Widgets/BPW_DialogBox (Unknown sequence)'. This will cause deterministic cooking issues. Please resave the package.
[2020.05.03-04.37.14:095][397]LogMovieScene: Warning: Legacy data detected in sequence '/Game/CVInvInterface/Blueprints/Widgets/BPW_DialogBox (BarFade)'. This will cause deterministic cooking issues. Please resave the package.
[2020.05.03-04.37.14:095][397]LogMovieScene: Warning: Legacy data detected in sequence '/Engine/Transient (Unknown sequence)'. This will cause deterministic cooking issues. Please resave the package.
[2020.05.03-04.37.14:096][397]LogMovieScene: Warning: Legacy data detected in sequence '/Engine/Transient (BarFade_INST_0)'. This will cause deterministic cooking issues. Please resave the package.
[2020.05.03-04.37.14:096][397]LogMovieScene: Warning: Legacy data detected in sequence '/Game/CVInvInterface/Blueprints/Widgets/BPW_DialogBox (BarFade)'. This will cause deterministic cooking issues. Please resave the package.
[2020.05.03-04.37.14:096][397]LogMovieScene: Warning: Legacy data detected in sequence '/Game/CVInvInterface/Blueprints/Widgets/BPW_DialogBox (BarFade)'. This will cause deterministic cooking issues. Please resave the package.
[2020.05.03-04.37.14:096][397]LogMovieScene: Warning: Legacy data detected in sequence '/Engine/Transient (BarFade_INST_0)'. This will cause deterministic cooking issues. Please resave the package.
[2020.05.03-04.37.14:096][397]LogMovieScene: Warning: Legacy data detected in sequence '/Engine/Transient (BarFade_INST_0)'. This will cause deterministic cooking issues. Please resave the package.
[2020.05.03-04.37.14:096][397]LogMovieScene: Warning: Legacy data detected in sequence '/Game/CVInvInterface/Blueprints/Widgets/BPW_DialogBox (BarFade)'. This will cause deterministic cooking issues. Please resave the package.
[2020.05.03-04.37.14:096][397]LogMovieScene: Warning: Legacy data detected in sequence '/Game/CVInvInterface/Blueprints/Widgets/BPW_DialogBox (BarFade)'. This will cause deterministic cooking issues. Please resave the package.
[2020.05.03-04.37.14:096][397]LogMovieScene: Warning: Legacy data detected in sequence '/Engine/Transient (BarFade_INST_0)'. This will cause deterministic cooking issues. Please resave the package.
[2020.05.03-04.37.14:096][397]LogMovieScene: Warning: Legacy data detected in sequence '/Engine/Transient (BarFade_INST_0)'. This will cause deterministic cooking issues. Please resave the package.
[2020.05.03-04.37.14:096][397]LogClass: Warning: Enum '/Game/CVInvInterface/Blueprints/E_TakableOrNot.E_TakableOrNot' was upgraded to use FText to store its display name data. Please re-save this asset to avoid issues with localization and determinstic cooking.
[2020.05.03-04.37.14:097][397]LogMovieScene: Warning: Legacy data detected in sequence '/Game/CVInvInterface/Blueprints/Widgets/BPW_WarningBox (Unknown sequence)'. This will cause deterministic cooking issues. Please resave the package.
[2020.05.03-04.37.14:097][397]LogMovieScene: Warning: Legacy data detected in sequence '/Game/CVInvInterface/Blueprints/Widgets/BPW_WarningBox (BarFade)'. This will cause deterministic cooking issues. Please resave the package.
[2020.05.03-04.37.14:097][397]LogMovieScene: Warning: Legacy data detected in sequence '/Engine/Transient (Unknown sequence)'. This will cause deterministic cooking issues. Please resave the package.
[2020.05.03-04.37.14:097][397]LogMovieScene: Warning: Legacy data detected in sequence '/Engine/Transient (WidgetAnimation_0)'. This will cause deterministic cooking issues. Please resave the package.
[2020.05.03-04.37.14:097][397]LogMovieScene: Warning: Legacy data detected in sequence '/Game/CVInvInterface/Blueprints/Widgets/BPW_WarningBox (BarFade)'. This will cause deterministic cooking issues. Please resave the package.
[2020.05.03-04.37.14:097][397]LogMovieScene: Warning: Legacy data detected in sequence '/Game/CVInvInterface/Blueprints/Widgets/BPW_WarningBox (BarFade)'. This will cause deterministic cooking issues. Please resave the package.
[2020.05.03-04.37.14:097][397]LogMovieScene: Warning: Legacy data detected in sequence '/Engine/Transient (WidgetAnimation_0)'. This will cause deterministic cooking issues. Please resave the package.
[2020.05.03-04.37.14:097][397]LogMovieScene: Warning: Legacy data detected in sequence '/Engine/Transient (WidgetAnimation_0)'. This will cause deterministic cooking issues. Please resave the package.
[2020.05.03-04.37.14:097][397]LogMovieScene: Warning: Legacy data detected in sequence '/Game/CVInvInterface/Blueprints/Widgets/BPW_WarningBox (BarFade)'. This will cause deterministic cooking issues. Please resave the package.
[2020.05.03-04.37.14:097][397]LogMovieScene: Warning: Legacy data detected in sequence '/Game/CVInvInterface/Blueprints/Widgets/BPW_WarningBox (BarFade)'. This will cause deterministic cooking issues. Please resave the package.
[2020.05.03-04.37.14:097][397]LogMovieScene: Warning: Legacy data detected in sequence '/Engine/Transient (WidgetAnimation_0)'. This will cause deterministic cooking issues. Please resave the package.
[2020.05.03-04.37.14:098][397]LogMovieScene: Warning: Legacy data detected in sequence '/Engine/Transient (WidgetAnimation_0)'. This will cause deterministic cooking issues. Please resave the package.
[2020.05.03-04.37.14:253][397]LogAIModule: Creating AISystem for world Level21
[2020.05.03-04.37.14:307][397]LogAssetEditorSubsystem: Opening Asset editor for World /Game/Level21.Level21
[2020.05.03-04.37.14:377][397]LogUObjectHash: Compacting FUObjectHashTables data took   7.47ms
[2020.05.03-04.37.14:394][397]Cmd: MAP LOAD FILE="I:/Unreal Project/Level-Design-Final/LDFinal/Content/Level21.umap" TEMPLATE=0 SHOWPROGRESS=1 FEATURELEVEL=3
[2020.05.03-04.37.14:394][397]LightingResults: New page: 光照构建
[2020.05.03-04.37.14:395][397]LoadErrors: New page: 正在加载地图：Level21.umap
[2020.05.03-04.37.14:396][397]LogWorld: UWorld::CleanupWorld for Untitled_1, bSessionEnded=true, bCleanupResources=true
[2020.05.03-04.37.14:396][397]LogSlate: InvalidateAllWidgets triggered.  All widgets were invalidated
[2020.05.03-04.37.14:396][397]MapCheck: New page: 地图检测
[2020.05.03-04.37.14:397][397]LightingResults: New page: 光照构建
[2020.05.03-04.37.14:433][397]LogUObjectHash: Compacting FUObjectHashTables data took   3.58ms
[2020.05.03-04.37.14:924][397]LogShaderCompilers: Display: Worker (1/5): shaders left to compile 410
[2020.05.03-04.37.14:967][397]LogEditorServer: Finished looking for orphan Actors (0.000 secs)
[2020.05.03-04.37.15:014][397]LogUObjectHash: Compacting FUObjectHashTables data took   3.33ms
[2020.05.03-04.37.15:087][397]Cmd: MAP CHECKDEP NOCLEARLOG
[2020.05.03-04.37.15:087][397]MapCheck: 地图检测完成：0个错误、0个警告、完成用时0.266毫秒。
[2020.05.03-04.37.15:088][397]LogFileHelpers: Loading map 'Level21' took 0.703
[2020.05.03-04.37.16:047][398]LogShaderCompilers: Display: Worker (3/5): shaders left to compile 400
[2020.05.03-04.37.16:940][406]LogShaderCompilers: Display: Worker (2/5): shaders left to compile 390
[2020.05.03-04.37.22:403][563]LogShaderCompilers: Display: Worker (4/5): shaders left to compile 380
[2020.05.03-04.37.24:488][661]LogShaderCompilers: Display: Worker (2/5): shaders left to compile 370
[2020.05.03-04.37.26:465][748]LogShaderCompilers: Display: Worker (3/5): shaders left to compile 360
[2020.05.03-04.37.26:568][751]LogShaderCompilers: Display: Worker (1/5): shaders left to compile 350
[2020.05.03-04.37.28:780][854]LogShaderCompilers: Display: Worker (4/5): shaders left to compile 340
[2020.05.03-04.37.34:351][114]LogShaderCompilers: Display: Worker (2/5): shaders left to compile 330
[2020.05.03-04.37.35:483][167]LogShaderCompilers: Display: Worker (4/5): shaders left to compile 320
[2020.05.03-04.37.35:707][178]LogShaderCompilers: Display: Worker (1/5): shaders left to compile 310
[2020.05.03-04.37.37:404][255]LogShaderCompilers: Display: Worker (3/5): shaders left to compile 300
[2020.05.03-04.37.40:526][400]LogShaderCompilers: Display: Worker (2/5): shaders left to compile 290
[2020.05.03-04.37.45:772][646]LogShaderCompilers: Display: Worker (4/5): shaders left to compile 280
[2020.05.03-04.37.45:815][648]LogShaderCompilers: Display: Worker (3/5): shaders left to compile 270
[2020.05.03-04.37.46:054][660]LogShaderCompilers: Display: Worker (1/5): shaders left to compile 260
[2020.05.03-04.37.47:495][727]LogShaderCompilers: Display: Worker (2/5): shaders left to compile 250
[2020.05.03-04.37.51:386][908]LogShaderCompilers: Display: Worker (4/5): shaders left to compile 240
[2020.05.03-04.37.55:060][ 83]LogShaderCompilers: Display: Worker (2/5): shaders left to compile 230
[2020.05.03-04.37.56:029][128]LogShaderCompilers: Display: Worker (1/5): shaders left to compile 220
[2020.05.03-04.37.56:314][142]LogShaderCompilers: Display: Worker (3/5): shaders left to compile 210
[2020.05.03-04.37.58:534][245]LogShaderCompilers: Display: Worker (4/5): shaders left to compile 200
[2020.05.03-04.38.01:462][382]LogShaderCompilers: Display: Worker (2/5): shaders left to compile 190
[2020.05.03-04.38.05:981][593]LogShaderCompilers: Display: Worker (4/5): shaders left to compile 180
[2020.05.03-04.38.06:859][635]LogShaderCompilers: Display: Worker (3/5): shaders left to compile 170
[2020.05.03-04.38.07:005][639]LogShaderCompilers: Display: Worker (1/5): shaders left to compile 160
[2020.05.03-04.38.08:565][711]LogShaderCompilers: Display: Worker (2/5): shaders left to compile 150
[2020.05.03-04.38.12:603][902]LogShaderCompilers: Display: Worker (4/5): shaders left to compile 140
[2020.05.03-04.38.15:332][ 31]LogShaderCompilers: Display: Worker (2/5): shaders left to compile 130
[2020.05.03-04.38.17:359][124]LogShaderCompilers: Display: Worker (3/5): shaders left to compile 120
[2020.05.03-04.38.17:696][140]LogShaderCompilers: Display: Worker (1/5): shaders left to compile 110
[2020.05.03-04.38.19:593][226]LogShaderCompilers: Display: Worker (4/5): shaders left to compile 100
[2020.05.03-04.38.23:110][382]LogShaderCompilers: Display: Worker (2/5): shaders left to compile 90
[2020.05.03-04.38.25:815][505]LogShaderCompilers: Display: Worker (4/5): shaders left to compile 80
[2020.05.03-04.38.28:745][595]LogShaderCompilers: Display: Worker (3/5): shaders left to compile 70
[2020.05.03-04.38.29:732][641]LogShaderCompilers: Display: Worker (1/5): shaders left to compile 60
[2020.05.03-04.38.30:581][679]LogShaderCompilers: Display: Worker (2/5): shaders left to compile 50
[2020.05.03-04.38.33:792][824]LogShaderCompilers: Display: Worker (4/5): shaders left to compile 40
[2020.05.03-04.38.36:972][962]LogShaderCompilers: Display: Worker (2/5): shaders left to compile 30
[2020.05.03-04.38.40:028][100]LogShaderCompilers: Display: Worker (3/5): shaders left to compile 22
[2020.05.03-04.38.40:312][113]LogShaderCompilers: Display: Worker (4/5): shaders left to compile 16
[2020.05.03-04.38.41:412][160]LogShaderCompilers: Display: Worker (1/5): shaders left to compile 11
[2020.05.03-04.38.43:472][252]LogShaderCompilers: Display: Worker (2/5): shaders left to compile 8
[2020.05.03-04.38.44:834][315]LogShaderCompilers: Display: Worker (1/5): shaders left to compile 5
[2020.05.03-04.38.45:896][363]LogShaderCompilers: Display: Worker (4/5): shaders left to compile 3
[2020.05.03-04.38.46:531][391]LogShaderCompilers: Display: Worker (2/5): shaders left to compile 2
[2020.05.03-04.38.46:903][409]LogShaderCompilers: Display: Worker (3/5): shaders left to compile 1
[2020.05.03-04.39.08:572][510]LogRenderer: Reallocating scene render targets to support 1208x572 Format 10 NumSamples 1 (Frame:4034).
[2020.05.03-04.40.22:858][369]Cmd: OBJ SAVEPACKAGE PACKAGE="/Game/Level21" FILE="I:/Unreal Project/Level-Design-Final/LDFinal/Content/Level21.umap" SILENT=true AUTOSAVING=false KEEPDIRTY=false
[2020.05.03-04.40.22:894][369]LogUObjectHash: Compacting FUObjectHashTables data took   2.72ms
[2020.05.03-04.40.23:358][369]LogSavePackage: Moving 'I:/Unreal Project/Level-Design-Final/LDFinal/Saved/Level2171E5FC1D43CC7F195563FAB5B3261F71.tmp' to 'I:/Unreal Project/Level-Design-Final/LDFinal/Content/Level21.umap'
[2020.05.03-04.40.23:434][369]AssetCheck: New page: 资源保存：Level21
[2020.05.03-04.40.23:434][369]LogContentValidation: Display: 正在验证World /Game/Level21.Level21
[2020.05.03-04.40.26:768][544]LogAssetEditorSubsystem: Opening Asset editor for LevelScriptBlueprint /Game/Level21.Level21:PersistentLevel.Level21
[2020.05.03-04.40.27:156][544]LogContentBrowser: Native class hierarchy updated for 'BlueprintGraph' in 0.0006 seconds. Added 121 classes and 0 folders.
[2020.05.03-04.40.28:326][544]LogSlate: Took 0.000344 seconds to synchronously load lazily loaded font '../../../Engine/Content/Slate/Fonts/Roboto-BoldCondensed.ttf' (158K)
[2020.05.03-04.40.28:697][545]LogSlate: Took 0.010164 seconds to synchronously load lazily loaded font '../../../Engine/Content/Slate/Fonts/Roboto-Italic.ttf' (157K)
[2020.05.03-04.40.34:745][849]LogSlate: Window 'Level21' being destroyed
[2020.05.03-04.41.58:482][771]LogSlate: Took 0.005700 seconds to synchronously load lazily loaded font '../../../Engine/Content/Slate/Fonts/Roboto-BoldCondensedItalic.ttf' (160K)
[2020.05.03-04.42.03:394][ 45]BlueprintLog: New page: 编译Level21
[2020.05.03-04.42.03:699][ 45]LogUObjectHash: Compacting FUObjectHashTables data took   5.26ms
[2020.05.03-04.44.08:074][264]BlueprintLog: New page: 编译Level21
[2020.05.03-04.44.08:085][264]LogBlueprint: Error: [Compiler PersistentLevel.Level21] 此蓝图（自身）并非是一个 PlayerCameraManager，因此 ' 目标 ’ 必须拥有一个连接。
[2020.05.03-04.44.08:086][264]LogBlueprint: Error: [Compiler PersistentLevel.Level21] 此蓝图（自身）并非是一个 PlayerCameraManager，因此 ' 目标 ’ 必须拥有一个连接。
[2020.05.03-04.44.08:086][264]LogBlueprint: Error: [Compiler PersistentLevel.Level21] 此蓝图（自身）并非是一个 PlayerCameraManager，因此 ' 目标 ’ 必须拥有一个连接。
[2020.05.03-04.44.08:086][264]LogBlueprint: Error: [Compiler PersistentLevel.Level21] 此蓝图（自身）并非是一个 PlayerCameraManager，因此 ' 目标 ’ 必须拥有一个连接。
[2020.05.03-04.44.08:358][264]LogUObjectHash: Compacting FUObjectHashTables data took   3.69ms
[2020.05.03-04.44.09:047][289]Cmd: OBJ SAVEPACKAGE PACKAGE="/Game/Level21" FILE="I:/Unreal Project/Level-Design-Final/LDFinal/Content/Level21.umap" SILENT=true AUTOSAVING=false KEEPDIRTY=false
[2020.05.03-04.44.09:096][289]LogUObjectHash: Compacting FUObjectHashTables data took   4.95ms
[2020.05.03-04.44.09:124][289]LogBlueprint: Error: [Compiler PersistentLevel.Level21] 此蓝图（自身）并非是一个 PlayerCameraManager，因此 ' 目标 ’ 必须拥有一个连接。
[2020.05.03-04.44.09:124][289]LogBlueprint: Error: [Compiler PersistentLevel.Level21] 此蓝图（自身）并非是一个 PlayerCameraManager，因此 ' 目标 ’ 必须拥有一个连接。
[2020.05.03-04.44.09:124][289]LogBlueprint: Error: [Compiler PersistentLevel.Level21] 此蓝图（自身）并非是一个 PlayerCameraManager，因此 ' 目标 ’ 必须拥有一个连接。
[2020.05.03-04.44.09:124][289]LogBlueprint: Error: [Compiler PersistentLevel.Level21] 此蓝图（自身）并非是一个 PlayerCameraManager，因此 ' 目标 ’ 必须拥有一个连接。
[2020.05.03-04.44.09:612][289]LogSavePackage: Moving 'I:/Unreal Project/Level-Design-Final/LDFinal/Saved/Level2174DFCE0A48D1EAA21A1A1790082F6C62.tmp' to 'I:/Unreal Project/Level-Design-Final/LDFinal/Content/Level21.umap'
[2020.05.03-04.44.09:660][289]LogFileHelpers: Saving map 'Level21' took 0.614
[2020.05.03-04.44.09:703][289]AssetCheck: New page: 资源保存：Level21
[2020.05.03-04.44.09:703][289]LogContentValidation: Display: 正在验证World /Game/Level21.Level21
[2020.05.03-04.44.34:677][695]BlueprintLog: New page: 编译Level21
[2020.05.03-04.44.34:957][695]LogUObjectHash: Compacting FUObjectHashTables data took   4.29ms
[2020.05.03-04.44.35:781][729]Cmd: OBJ SAVEPACKAGE PACKAGE="/Game/Level21" FILE="I:/Unreal Project/Level-Design-Final/LDFinal/Content/Level21.umap" SILENT=true AUTOSAVING=false KEEPDIRTY=false
[2020.05.03-04.44.35:819][729]LogUObjectHash: Compacting FUObjectHashTables data took   3.71ms
[2020.05.03-04.44.36:338][729]LogSavePackage: Moving 'I:/Unreal Project/Level-Design-Final/LDFinal/Saved/Level21FB97CF0A44925C853DDD1DB091AA7EB8.tmp' to 'I:/Unreal Project/Level-Design-Final/LDFinal/Content/Level21.umap'
[2020.05.03-04.44.36:386][729]LogFileHelpers: Saving map 'Level21' took 0.606
[2020.05.03-04.44.36:438][729]AssetCheck: New page: 资源保存：Level21
[2020.05.03-04.44.36:438][729]LogContentValidation: Display: 正在验证World /Game/Level21.Level21
[2020.05.03-04.44.44:759][186]LogUObjectHash: Compacting FUObjectHashTables data took   4.52ms
[2020.05.03-04.47.16:901][105]LogTemp: Repeating last play command: 选中的视口
[2020.05.03-04.47.16:949][105]LogBlueprintUserMessages: Early PlayInEditor Detection: Level '/Game/Level21.Level21:PersistentLevel' has LevelScriptBlueprint '/Game/Level21.Level21:PersistentLevel.Level21' with GeneratedClass '/Game/Level21.Level21_C' with ClassGeneratedBy '/Game/Level21.Level21:PersistentLevel.Level21'
[2020.05.03-04.47.16:950][105]LogPlayLevel: PlayLevel: No blueprints needed recompiling
[2020.05.03-04.47.16:951][105]PIE: New page: PIE会话：Level21（2020年5月2日 下午8:47:16）
[2020.05.03-04.47.16:953][105]LogOnline: OSS: Creating online subsystem instance for: NULL
[2020.05.03-04.47.16:956][105]LogOnline: OSS: TryLoadSubsystemAndSetDefault: Loaded subsystem for module [NULL]
[2020.05.03-04.47.16:957][105]LogPlayLevel: Creating play world package: /Game/UEDPIE_0_Level21
[2020.05.03-04.47.17:091][105]LogPlayLevel: PIE: StaticDuplicateObject took: (0.133480s)
[2020.05.03-04.47.17:093][105]LogAIModule: Creating AISystem for world Level21
[2020.05.03-04.47.17:094][105]LogPlayLevel: PIE: World Init took: (0.002699s)
[2020.05.03-04.47.17:095][105]LogPlayLevel: PIE: Created PIE world by copying editor world from /Game/Level21.Level21 to /Game/UEDPIE_0_Level21.Level21 (0.137124s)
[2020.05.03-04.47.17:156][105]LogUObjectHash: Compacting FUObjectHashTables data took   4.75ms
[2020.05.03-04.47.17:165][105]LogAudioMixer: Display: Audio Mixer Platform Settings:
[2020.05.03-04.47.17:165][105]LogAudioMixer: Display: 	Sample Rate:						  48000
[2020.05.03-04.47.17:165][105]LogAudioMixer: Display: 	Callback Buffer Frame Size Requested: 1024
[2020.05.03-04.47.17:165][105]LogAudioMixer: Display: 	Callback Buffer Frame Size To Use:	  1024
[2020.05.03-04.47.17:165][105]LogAudioMixer: Display: 	Number of buffers to queue:			  2
[2020.05.03-04.47.17:165][105]LogAudioMixer: Display: 	Max Channels (voices):				  32
[2020.05.03-04.47.17:165][105]LogAudioMixer: Display: 	Number of Async Source Workers:		  0
[2020.05.03-04.47.17:165][105]LogAudio: Display: AudioDevice MaxSources: 32
[2020.05.03-04.47.17:165][105]LogAudio: Display: Using built-in audio occlusion.
[2020.05.03-04.47.17:166][105]LogAudioMixer: Display: Initializing audio mixer.
[2020.05.03-04.47.17:386][105]LogAudioMixer: Display: Audio Device Output Speaker Info:
[2020.05.03-04.47.17:387][105]LogAudioMixer: Display: Name: Acer XF270H B (2- NVIDIA High Definition Audio)
[2020.05.03-04.47.17:387][105]LogAudioMixer: Display: Is Default: Yes
[2020.05.03-04.47.17:387][105]LogAudioMixer: Display: Sample Rate: 48000
[2020.05.03-04.47.17:387][105]LogAudioMixer: Display: Channel Count Used: 2
[2020.05.03-04.47.17:387][105]LogAudioMixer: Display: Device Channel Count: 2
[2020.05.03-04.47.17:387][105]LogAudioMixer: Display: Channel Order:
[2020.05.03-04.47.17:387][105]LogAudioMixer: Display: 0: FrontLeft
[2020.05.03-04.47.17:387][105]LogAudioMixer: Display: 1: FrontRight
[2020.05.03-04.47.17:457][105]LogAudioMixer: Display: Using Audio Device Acer XF270H B (2- NVIDIA High Definition Audio)
[2020.05.03-04.47.17:460][105]LogInit: FAudioDevice initialized.
[2020.05.03-04.47.17:477][105]LogLoad: Game class is 'FirstPersonGameMode_C'
[2020.05.03-04.47.17:500][105]LogWorld: Bringing World /Game/UEDPIE_0_Level21.Level21 up for play (max tick rate 60) at 2020.05.03-00.47.17
[2020.05.03-04.47.17:509][105]LogWorld: Bringing up level for play took: 0.020840
[2020.05.03-04.47.17:510][105]LogOnline: OSS: Creating online subsystem instance for: :Context_5
[2020.05.03-04.47.17:534][105]LogContentBrowser: Native class hierarchy updated for 'MovieSceneCapture' in 0.0007 seconds. Added 20 classes and 0 folders.
[2020.05.03-04.47.17:534][105]LogGameMode: Display: Match State Changed from EnteringMap to WaitingToStart
[2020.05.03-04.47.17:534][105]LogGameState: Match State Changed from EnteringMap to WaitingToStart
[2020.05.03-04.47.17:534][105]LogGameMode: Display: Match State Changed from WaitingToStart to InProgress
[2020.05.03-04.47.17:550][105]LogBlueprintUserMessages: [Level21_C_5] 0
[2020.05.03-04.47.17:554][105]LogGameState: Match State Changed from WaitingToStart to InProgress
[2020.05.03-04.47.17:555][105]PIE: /Game/UEDPIE_0_Level21在编辑器中运行的起始时间1.484
[2020.05.03-04.47.17:555][105]LogBlueprintUserMessages: Late PlayInEditor Detection: Level '/Game/Level21.Level21:PersistentLevel' has LevelScriptBlueprint '/Game/Level21.Level21:PersistentLevel.Level21' with GeneratedClass '/Game/Level21.Level21_C' with ClassGeneratedBy '/Game/Level21.Level21:PersistentLevel.Level21'
[2020.05.03-04.47.23:546][421]LogBlueprintUserMessages: [Level21_C_5] 1
[2020.05.03-04.47.23:546][421]LogBlueprintUserMessages: [Level21_C_5] X=4545.537 Y=1098.779 Z=3090.404
[2020.05.03-04.47.39:368][356]LogBlueprintUserMessages: [Level21_C_5] Fall
[2020.05.03-04.47.39:368][356]LogBlueprintUserMessages: [Level21_C_5] reset
[2020.05.03-04.47.42:360][534]LogBlueprintUserMessages: [Level21_C_5] Hello
[2020.05.03-04.48.15:557][466]LogBlueprintUserMessages: [Level21_C_5] 2
[2020.05.03-04.48.15:557][466]LogBlueprintUserMessages: [Level21_C_5] X=11261.155 Y=-3558.023 Z=5836.262
[2020.05.03-04.48.42:004][883]LogBlueprintUserMessages: [Level21_C_5] 3
[2020.05.03-04.48.42:004][883]LogBlueprintUserMessages: [Level21_C_5] X=14067.450 Y=-2510.728 Z=8206.239
[2020.05.03-04.49.13:171][476]LogBlueprintUserMessages: [Level21_C_5] 4
[2020.05.03-04.49.13:171][476]LogBlueprintUserMessages: [Level21_C_5] X=12375.121 Y=-5857.653 Z=9996.561
[2020.05.03-04.49.24:264][ 47]LogAudioMixer: Display: No commands were queued while flushing the source manager.
[2020.05.03-04.49.24:264][ 47]LogAudioMixer: Display: No commands were queued while flushing the source manager.
[2020.05.03-04.49.24:264][ 47]LogBlueprintUserMessages: Early EndPlayMap Detection: Level '/Game/Level21.Level21:PersistentLevel' has LevelScriptBlueprint '/Game/Level21.Level21:PersistentLevel.Level21' with GeneratedClass '/Game/Level21.Level21_C' with ClassGeneratedBy '/Game/Level21.Level21:PersistentLevel.Level21'
[2020.05.03-04.49.24:267][ 47]LogSlate: Updating window title bar state: overlay mode, drag disabled, window buttons hidden, title bar hidden
[2020.05.03-04.49.24:268][ 47]LogWorld: BeginTearingDown for /Game/UEDPIE_0_Level21
[2020.05.03-04.49.24:268][ 47]LogAudioMixer: Display: No commands were queued while flushing the source manager.
[2020.05.03-04.49.24:269][ 47]LogWorld: UWorld::CleanupWorld for Level21, bSessionEnded=true, bCleanupResources=true
[2020.05.03-04.49.24:271][ 47]LogSlate: InvalidateAllWidgets triggered.  All widgets were invalidated
[2020.05.03-04.49.24:342][ 47]LogPlayLevel: Display: Shutting down PIE online subsystems
[2020.05.03-04.49.24:342][ 47]LogBlueprintUserMessages: Late EndPlayMap Detection: Level '/Game/Level21.Level21:PersistentLevel' has LevelScriptBlueprint '/Game/Level21.Level21:PersistentLevel.Level21' with GeneratedClass '/Game/Level21.Level21_C' with ClassGeneratedBy '/Game/Level21.Level21:PersistentLevel.Level21'
[2020.05.03-04.49.24:350][ 47]LogSlate: InvalidateAllWidgets triggered.  All widgets were invalidated
[2020.05.03-04.49.24:398][ 47]LogAudioMixer: Display: No commands were queued while flushing the source manager.
[2020.05.03-04.49.24:405][ 47]LogSlate: Updating window title bar state: overlay mode, drag disabled, window buttons hidden, title bar hidden
[2020.05.03-04.49.24:421][ 47]LogUObjectHash: Compacting FUObjectHashTables data took   7.08ms
[2020.05.03-04.49.24:457][ 48]LogPlayLevel: Display: Destroying online subsystem :Context_5
[2020.05.03-04.49.31:225][368]LogTemp: Repeating last play command: 选中的视口
[2020.05.03-04.49.31:251][368]LogBlueprintUserMessages: Early PlayInEditor Detection: Level '/Game/Level21.Level21:PersistentLevel' has LevelScriptBlueprint '/Game/Level21.Level21:PersistentLevel.Level21' with GeneratedClass '/Game/Level21.Level21_C' with ClassGeneratedBy '/Game/Level21.Level21:PersistentLevel.Level21'
[2020.05.03-04.49.31:251][368]LogPlayLevel: PlayLevel: No blueprints needed recompiling
[2020.05.03-04.49.31:251][368]PIE: New page: PIE会话：Level21（2020年5月2日 下午8:49:31）
[2020.05.03-04.49.31:253][368]LogPlayLevel: Creating play world package: /Game/UEDPIE_0_Level21
[2020.05.03-04.49.31:343][368]LogPlayLevel: PIE: StaticDuplicateObject took: (0.089286s)
[2020.05.03-04.49.31:345][368]LogAIModule: Creating AISystem for world Level21
[2020.05.03-04.49.31:345][368]LogPlayLevel: PIE: World Init took: (0.002272s)
[2020.05.03-04.49.31:346][368]LogPlayLevel: PIE: Created PIE world by copying editor world from /Game/Level21.Level21 to /Game/UEDPIE_0_Level21.Level21 (0.091883s)
[2020.05.03-04.49.31:398][368]LogUObjectHash: Compacting FUObjectHashTables data took   4.69ms
[2020.05.03-04.49.31:400][368]LogAudioMixer: Display: Audio Mixer Platform Settings:
[2020.05.03-04.49.31:401][368]LogAudioMixer: Display: 	Sample Rate:						  48000
[2020.05.03-04.49.31:401][368]LogAudioMixer: Display: 	Callback Buffer Frame Size Requested: 1024
[2020.05.03-04.49.31:401][368]LogAudioMixer: Display: 	Callback Buffer Frame Size To Use:	  1024
[2020.05.03-04.49.31:401][368]LogAudioMixer: Display: 	Number of buffers to queue:			  2
[2020.05.03-04.49.31:401][368]LogAudioMixer: Display: 	Max Channels (voices):				  32
[2020.05.03-04.49.31:401][368]LogAudioMixer: Display: 	Number of Async Source Workers:		  0
[2020.05.03-04.49.31:401][368]LogAudio: Display: AudioDevice MaxSources: 32
[2020.05.03-04.49.31:401][368]LogAudio: Display: Using built-in audio occlusion.
[2020.05.03-04.49.31:401][368]LogAudioMixer: Display: Initializing audio mixer.
[2020.05.03-04.49.31:622][368]LogAudioMixer: Display: Audio Device Output Speaker Info:
[2020.05.03-04.49.31:623][368]LogAudioMixer: Display: Name: Acer XF270H B (2- NVIDIA High Definition Audio)
[2020.05.03-04.49.31:623][368]LogAudioMixer: Display: Is Default: Yes
[2020.05.03-04.49.31:623][368]LogAudioMixer: Display: Sample Rate: 48000
[2020.05.03-04.49.31:623][368]LogAudioMixer: Display: Channel Count Used: 2
[2020.05.03-04.49.31:623][368]LogAudioMixer: Display: Device Channel Count: 2
[2020.05.03-04.49.31:623][368]LogAudioMixer: Display: Channel Order:
[2020.05.03-04.49.31:623][368]LogAudioMixer: Display: 0: FrontLeft
[2020.05.03-04.49.31:623][368]LogAudioMixer: Display: 1: FrontRight
[2020.05.03-04.49.31:690][368]LogAudioMixer: Display: Using Audio Device Acer XF270H B (2- NVIDIA High Definition Audio)
[2020.05.03-04.49.31:693][368]LogInit: FAudioDevice initialized.
[2020.05.03-04.49.31:707][368]LogLoad: Game class is 'FirstPersonGameMode_C'
[2020.05.03-04.49.31:723][368]LogWorld: Bringing World /Game/UEDPIE_0_Level21.Level21 up for play (max tick rate 60) at 2020.05.03-00.49.31
[2020.05.03-04.49.31:724][368]LogWorld: Bringing up level for play took: 0.016267
[2020.05.03-04.49.31:725][368]LogOnline: OSS: Creating online subsystem instance for: :Context_6
[2020.05.03-04.49.31:728][368]LogGameMode: Display: Match State Changed from EnteringMap to WaitingToStart
[2020.05.03-04.49.31:728][368]LogGameState: Match State Changed from EnteringMap to WaitingToStart
[2020.05.03-04.49.31:728][368]LogGameMode: Display: Match State Changed from WaitingToStart to InProgress
[2020.05.03-04.49.31:734][368]LogBlueprintUserMessages: [Level21_C_5] 0
[2020.05.03-04.49.31:738][368]LogGameState: Match State Changed from WaitingToStart to InProgress
[2020.05.03-04.49.31:738][368]PIE: /Game/UEDPIE_0_Level21在编辑器中运行的起始时间-0.332
[2020.05.03-04.49.31:738][368]LogBlueprintUserMessages: Late PlayInEditor Detection: Level '/Game/Level21.Level21:PersistentLevel' has LevelScriptBlueprint '/Game/Level21.Level21:PersistentLevel.Level21' with GeneratedClass '/Game/Level21.Level21_C' with ClassGeneratedBy '/Game/Level21.Level21:PersistentLevel.Level21'
[2020.05.03-04.49.37:739][644]LogBlueprintUserMessages: [Level21_C_5] Fall
[2020.05.03-04.49.51:016][394]LogAudioMixer: Display: No commands were queued while flushing the source manager.
[2020.05.03-04.49.51:016][394]LogAudioMixer: Display: No commands were queued while flushing the source manager.
[2020.05.03-04.49.51:016][394]LogBlueprintUserMessages: Early EndPlayMap Detection: Level '/Game/Level21.Level21:PersistentLevel' has LevelScriptBlueprint '/Game/Level21.Level21:PersistentLevel.Level21' with GeneratedClass '/Game/Level21.Level21_C' with ClassGeneratedBy '/Game/Level21.Level21:PersistentLevel.Level21'
[2020.05.03-04.49.51:016][394]LogSlate: Updating window title bar state: overlay mode, drag disabled, window buttons hidden, title bar hidden
[2020.05.03-04.49.51:016][394]LogWorld: BeginTearingDown for /Game/UEDPIE_0_Level21
[2020.05.03-04.49.51:016][394]LogAudioMixer: Display: No commands were queued while flushing the source manager.
[2020.05.03-04.49.51:016][394]LogWorld: UWorld::CleanupWorld for Level21, bSessionEnded=true, bCleanupResources=true
[2020.05.03-04.49.51:018][394]LogSlate: InvalidateAllWidgets triggered.  All widgets were invalidated
[2020.05.03-04.49.51:109][394]LogPlayLevel: Display: Shutting down PIE online subsystems
[2020.05.03-04.49.51:110][394]LogBlueprintUserMessages: Late EndPlayMap Detection: Level '/Game/Level21.Level21:PersistentLevel' has LevelScriptBlueprint '/Game/Level21.Level21:PersistentLevel.Level21' with GeneratedClass '/Game/Level21.Level21_C' with ClassGeneratedBy '/Game/Level21.Level21:PersistentLevel.Level21'
[2020.05.03-04.49.51:116][394]LogSlate: InvalidateAllWidgets triggered.  All widgets were invalidated
[2020.05.03-04.49.51:155][394]LogAudioMixer: Display: No commands were queued while flushing the source manager.
[2020.05.03-04.49.51:159][394]LogSlate: Updating window title bar state: overlay mode, drag disabled, window buttons hidden, title bar hidden
[2020.05.03-04.49.51:173][394]LogUObjectHash: Compacting FUObjectHashTables data took   4.10ms
[2020.05.03-04.49.51:202][395]LogPlayLevel: Display: Destroying online subsystem :Context_6
[2020.05.03-04.50.23:139][791]LogUObjectHash: Compacting FUObjectHashTables data took   3.61ms
[2020.05.03-04.50.54:198][552]BlueprintLog: New page: 编译Level21
[2020.05.03-04.50.54:532][552]LogUObjectHash: Compacting FUObjectHashTables data took   5.11ms
[2020.05.03-04.50.55:459][594]Cmd: OBJ SAVEPACKAGE PACKAGE="/Game/Level21" FILE="I:/Unreal Project/Level-Design-Final/LDFinal/Content/Level21.umap" SILENT=true AUTOSAVING=false KEEPDIRTY=false
[2020.05.03-04.50.55:504][594]LogUObjectHash: Compacting FUObjectHashTables data took   4.26ms
[2020.05.03-04.50.56:075][594]LogSavePackage: Moving 'I:/Unreal Project/Level-Design-Final/LDFinal/Saved/Level21C63EE9E140D2882F5001BA9DA8B90B02.tmp' to 'I:/Unreal Project/Level-Design-Final/LDFinal/Content/Level21.umap'
[2020.05.03-04.50.56:125][594]LogFileHelpers: Saving map 'Level21' took 0.668
[2020.05.03-04.50.56:176][594]AssetCheck: New page: 资源保存：Level21
[2020.05.03-04.50.56:176][594]LogContentValidation: Display: 正在验证World /Game/Level21.Level21
[2020.05.03-04.50.59:756][730]LogUObjectHash: Compacting FUObjectHashTables data took   5.63ms
